{"C:\\Users\\raven\\Desktop\\BudgetBuddy\\client\\src\\App.tsx": {"path":"C:\\Users\\raven\\Desktop\\BudgetBuddy\\client\\src\\App.tsx","statementMap":{"0":{"start":{"line":17,"column":2},"end":{"line":24,"column":null}},"1":{"start":{"line":29,"column":16},"end":{"line":32,"column":null}},"2":{"start":{"line":34,"column":2},"end":{"line":55,"column":null}}},"fnMap":{"0":{"name":"Router","decl":{"start":{"line":16,"column":9},"end":{"line":16,"column":18}},"loc":{"start":{"line":16,"column":18},"end":{"line":26,"column":null}},"line":16},"1":{"name":"App","decl":{"start":{"line":28,"column":24},"end":{"line":28,"column":30}},"loc":{"start":{"line":28,"column":30},"end":{"line":57,"column":null}},"line":28}},"branchMap":{},"s":{"0":0,"1":0,"2":0},"f":{"0":0,"1":0},"b":{},"meta":{"lastBranch":0,"lastFunction":2,"lastStatement":3,"seen":{"f:16:9:16:18":0,"s:17:2:24:Infinity":0,"f:28:24:28:30":1,"s:29:16:32:Infinity":1,"s:34:2:55:Infinity":2}}}
,"C:\\Users\\raven\\Desktop\\BudgetBuddy\\client\\src\\main.tsx": {"path":"C:\\Users\\raven\\Desktop\\BudgetBuddy\\client\\src\\main.tsx","statementMap":{"0":{"start":{"line":5,"column":0},"end":{"line":5,"column":null}}},"fnMap":{},"branchMap":{},"s":{"0":0},"f":{},"b":{},"meta":{"lastBranch":0,"lastFunction":0,"lastStatement":1,"seen":{"s:5:0:5:Infinity":0}}}
,"C:\\Users\\raven\\Desktop\\BudgetBuddy\\client\\src\\routes.tsx": {"path":"C:\\Users\\raven\\Desktop\\BudgetBuddy\\client\\src\\routes.tsx","statementMap":{"0":{"start":{"line":7,"column":18},"end":{"line":7,"column":null}},"1":{"start":{"line":7,"column":35},"end":{"line":7,"column":null}},"2":{"start":{"line":8,"column":21},"end":{"line":8,"column":null}},"3":{"start":{"line":8,"column":38},"end":{"line":8,"column":null}},"4":{"start":{"line":9,"column":16},"end":{"line":9,"column":null}},"5":{"start":{"line":9,"column":33},"end":{"line":9,"column":null}},"6":{"start":{"line":10,"column":16},"end":{"line":10,"column":null}},"7":{"start":{"line":10,"column":33},"end":{"line":10,"column":null}},"8":{"start":{"line":11,"column":17},"end":{"line":11,"column":null}},"9":{"start":{"line":11,"column":34},"end":{"line":11,"column":null}},"10":{"start":{"line":13,"column":24},"end":{"line":16,"column":null}},"11":{"start":{"line":14,"column":2},"end":{"line":16,"column":null}},"12":{"start":{"line":20,"column":2},"end":{"line":31,"column":null}}},"fnMap":{"0":{"name":"(anonymous_0)","decl":{"start":{"line":7,"column":29},"end":{"line":7,"column":35}},"loc":{"start":{"line":7,"column":35},"end":{"line":7,"column":null}},"line":7},"1":{"name":"(anonymous_1)","decl":{"start":{"line":8,"column":32},"end":{"line":8,"column":38}},"loc":{"start":{"line":8,"column":38},"end":{"line":8,"column":null}},"line":8},"2":{"name":"(anonymous_2)","decl":{"start":{"line":9,"column":27},"end":{"line":9,"column":33}},"loc":{"start":{"line":9,"column":33},"end":{"line":9,"column":null}},"line":9},"3":{"name":"(anonymous_3)","decl":{"start":{"line":10,"column":27},"end":{"line":10,"column":33}},"loc":{"start":{"line":10,"column":33},"end":{"line":10,"column":null}},"line":10},"4":{"name":"(anonymous_4)","decl":{"start":{"line":11,"column":28},"end":{"line":11,"column":34}},"loc":{"start":{"line":11,"column":34},"end":{"line":11,"column":null}},"line":11},"5":{"name":"(anonymous_5)","decl":{"start":{"line":13,"column":24},"end":{"line":13,"column":null}},"loc":{"start":{"line":14,"column":2},"end":{"line":16,"column":null}},"line":14},"6":{"name":"AppRoutes","decl":{"start":{"line":19,"column":24},"end":{"line":19,"column":36}},"loc":{"start":{"line":19,"column":36},"end":{"line":33,"column":null}},"line":19}},"branchMap":{},"s":{"0":0,"1":0,"2":0,"3":0,"4":0,"5":0,"6":0,"7":0,"8":0,"9":0,"10":0,"11":0,"12":0},"f":{"0":0,"1":0,"2":0,"3":0,"4":0,"5":0,"6":0},"b":{},"meta":{"lastBranch":0,"lastFunction":7,"lastStatement":13,"seen":{"s:7:18:7:Infinity":0,"f:7:29:7:35":0,"s:7:35:7:Infinity":1,"s:8:21:8:Infinity":2,"f:8:32:8:38":1,"s:8:38:8:Infinity":3,"s:9:16:9:Infinity":4,"f:9:27:9:33":2,"s:9:33:9:Infinity":5,"s:10:16:10:Infinity":6,"f:10:27:10:33":3,"s:10:33:10:Infinity":7,"s:11:17:11:Infinity":8,"f:11:28:11:34":4,"s:11:34:11:Infinity":9,"s:13:24:16:Infinity":10,"f:13:24:13:Infinity":5,"s:14:2:16:Infinity":11,"f:19:24:19:36":6,"s:20:2:31:Infinity":12}}}
,"C:\\Users\\raven\\Desktop\\BudgetBuddy\\client\\src\\components\\add-transaction-dialog.tsx": {"path":"C:\\Users\\raven\\Desktop\\BudgetBuddy\\client\\src\\components\\add-transaction-dialog.tsx","statementMap":{"0":{"start":{"line":23,"column":19},"end":{"line":32,"column":null}},"1":{"start":{"line":35,"column":22},"end":{"line":35,"column":null}},"2":{"start":{"line":36,"column":30},"end":{"line":42,"column":null}},"3":{"start":{"line":44,"column":23},"end":{"line":55,"column":null}},"4":{"start":{"line":45,"column":4},"end":{"line":45,"column":null}},"5":{"start":{"line":46,"column":4},"end":{"line":46,"column":null}},"6":{"start":{"line":47,"column":4},"end":{"line":47,"column":null}},"7":{"start":{"line":48,"column":4},"end":{"line":54,"column":null}},"8":{"start":{"line":57,"column":2},"end":{"line":144,"column":null}},"9":{"start":{"line":80,"column":33},"end":{"line":80,"column":null}},"10":{"start":{"line":93,"column":33},"end":{"line":93,"column":null}},"11":{"start":{"line":100,"column":74},"end":{"line":100,"column":null}},"12":{"start":{"line":106,"column":20},"end":{"line":108,"column":null}},"13":{"start":{"line":115,"column":70},"end":{"line":115,"column":null}},"14":{"start":{"line":131,"column":33},"end":{"line":131,"column":null}}},"fnMap":{"0":{"name":"AddTransactionDialog","decl":{"start":{"line":34,"column":16},"end":{"line":34,"column":39}},"loc":{"start":{"line":34,"column":39},"end":{"line":146,"column":null}},"line":34},"1":{"name":"(anonymous_1)","decl":{"start":{"line":44,"column":23},"end":{"line":44,"column":24}},"loc":{"start":{"line":44,"column":47},"end":{"line":55,"column":null}},"line":44},"2":{"name":"(anonymous_2)","decl":{"start":{"line":80,"column":26},"end":{"line":80,"column":27}},"loc":{"start":{"line":80,"column":33},"end":{"line":80,"column":null}},"line":80},"3":{"name":"(anonymous_3)","decl":{"start":{"line":93,"column":26},"end":{"line":93,"column":27}},"loc":{"start":{"line":93,"column":33},"end":{"line":93,"column":null}},"line":93},"4":{"name":"(anonymous_4)","decl":{"start":{"line":100,"column":63},"end":{"line":100,"column":64}},"loc":{"start":{"line":100,"column":74},"end":{"line":100,"column":null}},"line":100},"5":{"name":"(anonymous_5)","decl":{"start":{"line":105,"column":34},"end":{"line":105,"column":35}},"loc":{"start":{"line":106,"column":20},"end":{"line":108,"column":null}},"line":106},"6":{"name":"(anonymous_6)","decl":{"start":{"line":115,"column":59},"end":{"line":115,"column":60}},"loc":{"start":{"line":115,"column":70},"end":{"line":115,"column":null}},"line":115},"7":{"name":"(anonymous_7)","decl":{"start":{"line":131,"column":26},"end":{"line":131,"column":27}},"loc":{"start":{"line":131,"column":33},"end":{"line":131,"column":null}},"line":131}},"branchMap":{},"s":{"0":0,"1":0,"2":0,"3":0,"4":0,"5":0,"6":0,"7":0,"8":0,"9":0,"10":0,"11":0,"12":0,"13":0,"14":0},"f":{"0":0,"1":0,"2":0,"3":0,"4":0,"5":0,"6":0,"7":0},"b":{},"meta":{"lastBranch":0,"lastFunction":8,"lastStatement":15,"seen":{"s:23:19:32:Infinity":0,"f:34:16:34:39":0,"s:35:22:35:Infinity":1,"s:36:30:42:Infinity":2,"s:44:23:55:Infinity":3,"f:44:23:44:24":1,"s:45:4:45:Infinity":4,"s:46:4:46:Infinity":5,"s:47:4:47:Infinity":6,"s:48:4:54:Infinity":7,"s:57:2:144:Infinity":8,"f:80:26:80:27":2,"s:80:33:80:Infinity":9,"f:93:26:93:27":3,"s:93:33:93:Infinity":10,"f:100:63:100:64":4,"s:100:74:100:Infinity":11,"f:105:34:105:35":5,"s:106:20:108:Infinity":12,"f:115:59:115:60":6,"s:115:70:115:Infinity":13,"f:131:26:131:27":7,"s:131:33:131:Infinity":14}}}
,"C:\\Users\\raven\\Desktop\\BudgetBuddy\\client\\src\\components\\ai-insights-card.tsx": {"path":"C:\\Users\\raven\\Desktop\\BudgetBuddy\\client\\src\\components\\ai-insights-card.tsx","statementMap":{"0":{"start":{"line":6,"column":2},"end":{"line":31,"column":null}}},"fnMap":{"0":{"name":"AIInsightsCard","decl":{"start":{"line":5,"column":16},"end":{"line":5,"column":33}},"loc":{"start":{"line":5,"column":33},"end":{"line":33,"column":null}},"line":5}},"branchMap":{},"s":{"0":0},"f":{"0":0},"b":{},"meta":{"lastBranch":0,"lastFunction":1,"lastStatement":1,"seen":{"f:5:16:5:33":0,"s:6:2:31:Infinity":0}}}
,"C:\\Users\\raven\\Desktop\\BudgetBuddy\\client\\src\\components\\app-sidebar.tsx": {"path":"C:\\Users\\raven\\Desktop\\BudgetBuddy\\client\\src\\components\\app-sidebar.tsx","statementMap":{"0":{"start":{"line":16,"column":18},"end":{"line":37,"column":null}},"1":{"start":{"line":40,"column":17},"end":{"line":40,"column":null}},"2":{"start":{"line":42,"column":2},"end":{"line":83,"column":null}},"3":{"start":{"line":61,"column":16},"end":{"line":68,"column":null}}},"fnMap":{"0":{"name":"AppSidebar","decl":{"start":{"line":39,"column":16},"end":{"line":39,"column":29}},"loc":{"start":{"line":39,"column":29},"end":{"line":85,"column":null}},"line":39},"1":{"name":"(anonymous_1)","decl":{"start":{"line":60,"column":29},"end":{"line":60,"column":30}},"loc":{"start":{"line":61,"column":16},"end":{"line":68,"column":null}},"line":61}},"branchMap":{},"s":{"0":0,"1":0,"2":0,"3":0},"f":{"0":0,"1":0},"b":{},"meta":{"lastBranch":0,"lastFunction":2,"lastStatement":4,"seen":{"s:16:18:37:Infinity":0,"f:39:16:39:29":0,"s:40:17:40:Infinity":1,"s:42:2:83:Infinity":2,"f:60:29:60:30":1,"s:61:16:68:Infinity":3}}}
,"C:\\Users\\raven\\Desktop\\BudgetBuddy\\client\\src\\components\\budget-progress-card.tsx": {"path":"C:\\Users\\raven\\Desktop\\BudgetBuddy\\client\\src\\components\\budget-progress-card.tsx","statementMap":{"0":{"start":{"line":13,"column":21},"end":{"line":13,"column":null}},"1":{"start":{"line":14,"column":20},"end":{"line":14,"column":null}},"2":{"start":{"line":15,"column":23},"end":{"line":15,"column":null}},"3":{"start":{"line":16,"column":22},"end":{"line":16,"column":null}},"4":{"start":{"line":18,"column":2},"end":{"line":47,"column":null}}},"fnMap":{"0":{"name":"BudgetProgressCard","decl":{"start":{"line":12,"column":16},"end":{"line":12,"column":35}},"loc":{"start":{"line":12,"column":94},"end":{"line":49,"column":null}},"line":12}},"branchMap":{"0":{"loc":{"start":{"line":16,"column":22},"end":{"line":16,"column":null}},"type":"binary-expr","locations":[{"start":{"line":16,"column":22},"end":{"line":16,"column":41}},{"start":{"line":16,"column":41},"end":{"line":16,"column":null}}],"line":16},"1":{"loc":{"start":{"line":22,"column":11},"end":{"line":22,"column":null}},"type":"binary-expr","locations":[{"start":{"line":22,"column":11},"end":{"line":22,"column":19}},{"start":{"line":22,"column":19},"end":{"line":22,"column":null}}],"line":22},"2":{"loc":{"start":{"line":29,"column":8},"end":{"line":31,"column":null}},"type":"binary-expr","locations":[{"start":{"line":30,"column":10},"end":{"line":30,"column":26}},{"start":{"line":30,"column":26},"end":{"line":30,"column":null}},{"start":{"line":31,"column":10},"end":{"line":31,"column":null}}],"line":29},"3":{"loc":{"start":{"line":31,"column":45},"end":{"line":31,"column":95}},"type":"cond-expr","locations":[{"start":{"line":31,"column":60},"end":{"line":31,"column":81}},{"start":{"line":31,"column":81},"end":{"line":31,"column":95}}],"line":31},"4":{"loc":{"start":{"line":37,"column":21},"end":{"line":37,"column":null}},"type":"cond-expr","locations":[{"start":{"line":37,"column":36},"end":{"line":37,"column":63}},{"start":{"line":37,"column":63},"end":{"line":37,"column":null}}],"line":37},"5":{"loc":{"start":{"line":37,"column":63},"end":{"line":37,"column":null}},"type":"cond-expr","locations":[{"start":{"line":37,"column":77},"end":{"line":37,"column":100}},{"start":{"line":37,"column":100},"end":{"line":37,"column":null}}],"line":37},"6":{"loc":{"start":{"line":42,"column":27},"end":{"line":42,"column":null}},"type":"cond-expr","locations":[{"start":{"line":42,"column":42},"end":{"line":42,"column":75}},{"start":{"line":42,"column":75},"end":{"line":42,"column":null}}],"line":42},"7":{"loc":{"start":{"line":43,"column":13},"end":{"line":43,"column":null}},"type":"cond-expr","locations":[{"start":{"line":43,"column":28},"end":{"line":43,"column":68}},{"start":{"line":43,"column":68},"end":{"line":43,"column":null}}],"line":43}},"s":{"0":0,"1":0,"2":0,"3":0,"4":0},"f":{"0":0},"b":{"0":[0,0],"1":[0,0],"2":[0,0,0],"3":[0,0],"4":[0,0],"5":[0,0],"6":[0,0],"7":[0,0]},"meta":{"lastBranch":8,"lastFunction":1,"lastStatement":5,"seen":{"f:12:16:12:35":0,"s:13:21:13:Infinity":0,"s:14:20:14:Infinity":1,"s:15:23:15:Infinity":2,"s:16:22:16:Infinity":3,"b:16:22:16:41:16:41:16:Infinity":0,"s:18:2:47:Infinity":4,"b:22:11:22:19:22:19:22:Infinity":1,"b:30:10:30:26:30:26:30:Infinity:31:10:31:Infinity":2,"b:31:60:31:81:31:81:31:95":3,"b:37:36:37:63:37:63:37:Infinity":4,"b:37:77:37:100:37:100:37:Infinity":5,"b:42:42:42:75:42:75:42:Infinity":6,"b:43:28:43:68:43:68:43:Infinity":7}}}
,"C:\\Users\\raven\\Desktop\\BudgetBuddy\\client\\src\\components\\enhanced-trend-chart.tsx": {"path":"C:\\Users\\raven\\Desktop\\BudgetBuddy\\client\\src\\components\\enhanced-trend-chart.tsx","statementMap":{"0":{"start":{"line":22,"column":24},"end":{"line":41,"column":null}},"1":{"start":{"line":23,"column":17},"end":{"line":23,"column":null}},"2":{"start":{"line":26,"column":4},"end":{"line":32,"column":null}},"3":{"start":{"line":27,"column":6},"end":{"line":27,"column":null}},"4":{"start":{"line":28,"column":4},"end":{"line":32,"column":null}},"5":{"start":{"line":29,"column":6},"end":{"line":29,"column":null}},"6":{"start":{"line":31,"column":6},"end":{"line":31,"column":null}},"7":{"start":{"line":34,"column":4},"end":{"line":40,"column":null}},"8":{"start":{"line":43,"column":2},"end":{"line":52,"column":null}},"9":{"start":{"line":44,"column":4},"end":{"line":50,"column":null}},"10":{"start":{"line":54,"column":2},"end":{"line":105,"column":null}},"11":{"start":{"line":68,"column":38},"end":{"line":68,"column":null}},"12":{"start":{"line":76,"column":42},"end":{"line":76,"column":null}}},"fnMap":{"0":{"name":"EnhancedTrendChart","decl":{"start":{"line":20,"column":16},"end":{"line":20,"column":35}},"loc":{"start":{"line":20,"column":119},"end":{"line":107,"column":null}},"line":20},"1":{"name":"(anonymous_1)","decl":{"start":{"line":22,"column":33},"end":{"line":22,"column":42}},"loc":{"start":{"line":22,"column":42},"end":{"line":41,"column":3}},"line":22},"2":{"name":"(anonymous_2)","decl":{"start":{"line":68,"column":27},"end":{"line":68,"column":28}},"loc":{"start":{"line":68,"column":38},"end":{"line":68,"column":null}},"line":68},"3":{"name":"(anonymous_3)","decl":{"start":{"line":76,"column":23},"end":{"line":76,"column":24}},"loc":{"start":{"line":76,"column":42},"end":{"line":76,"column":null}},"line":76}},"branchMap":{"0":{"loc":{"start":{"line":20,"column":53},"end":{"line":20,"column":81}},"type":"default-arg","locations":[{"start":{"line":20,"column":61},"end":{"line":20,"column":81}}],"line":20},"1":{"loc":{"start":{"line":26,"column":4},"end":{"line":32,"column":null}},"type":"if","locations":[{"start":{"line":26,"column":4},"end":{"line":32,"column":null}},{"start":{"line":28,"column":4},"end":{"line":32,"column":null}}],"line":26},"2":{"loc":{"start":{"line":28,"column":4},"end":{"line":32,"column":null}},"type":"if","locations":[{"start":{"line":28,"column":4},"end":{"line":32,"column":null}},{"start":{"line":30,"column":11},"end":{"line":32,"column":null}}],"line":28},"3":{"loc":{"start":{"line":43,"column":2},"end":{"line":52,"column":null}},"type":"if","locations":[{"start":{"line":43,"column":2},"end":{"line":52,"column":null}},{"start":{},"end":{}}],"line":43}},"s":{"0":0,"1":0,"2":0,"3":0,"4":0,"5":0,"6":0,"7":0,"8":0,"9":0,"10":0,"11":0,"12":0},"f":{"0":0,"1":0,"2":0,"3":0},"b":{"0":[0],"1":[0,0],"2":[0,0],"3":[0,0]},"meta":{"lastBranch":4,"lastFunction":4,"lastStatement":13,"seen":{"f:20:16:20:35":0,"b:20:61:20:81":0,"s:22:24:41:Infinity":0,"f:22:33:22:42":1,"s:23:17:23:Infinity":1,"b:26:4:32:Infinity:28:4:32:Infinity":1,"s:26:4:32:Infinity":2,"s:27:6:27:Infinity":3,"b:28:4:32:Infinity:30:11:32:Infinity":2,"s:28:4:32:Infinity":4,"s:29:6:29:Infinity":5,"s:31:6:31:Infinity":6,"s:34:4:40:Infinity":7,"b:43:2:52:Infinity:undefined:undefined:undefined:undefined":3,"s:43:2:52:Infinity":8,"s:44:4:50:Infinity":9,"s:54:2:105:Infinity":10,"f:68:27:68:28":2,"s:68:38:68:Infinity":11,"f:76:23:76:24":3,"s:76:42:76:Infinity":12}}}
,"C:\\Users\\raven\\Desktop\\BudgetBuddy\\client\\src\\components\\error-boundary.tsx": {"path":"C:\\Users\\raven\\Desktop\\BudgetBuddy\\client\\src\\components\\error-boundary.tsx","statementMap":{"0":{"start":{"line":15,"column":7},"end":{"line":15,"column":13}},"1":{"start":{"line":16,"column":2},"end":{"line":20,"column":null}},"2":{"start":{"line":36,"column":2},"end":{"line":38,"column":null}},"3":{"start":{"line":37,"column":4},"end":{"line":37,"column":null}},"4":{"start":{"line":23,"column":4},"end":{"line":23,"column":null}},"5":{"start":{"line":27,"column":4},"end":{"line":30,"column":null}},"6":{"start":{"line":33,"column":4},"end":{"line":33,"column":null}},"7":{"start":{"line":41,"column":4},"end":{"line":69,"column":null}},"8":{"start":{"line":42,"column":6},"end":{"line":67,"column":null}},"9":{"start":{"line":62,"column":29},"end":{"line":62,"column":null}},"10":{"start":{"line":71,"column":4},"end":{"line":71,"column":null}}},"fnMap":{"0":{"name":"(anonymous_0)","decl":{"start":{"line":15,"column":7},"end":{"line":15,"column":13}},"loc":{"start":{"line":15,"column":7},"end":{"line":38,"column":null}},"line":15},"1":{"name":"(anonymous_1)","decl":{"start":{"line":36,"column":25},"end":{"line":36,"column":31}},"loc":{"start":{"line":36,"column":31},"end":{"line":38,"column":null}},"line":36},"2":{"name":"(anonymous_2)","decl":{"start":{"line":22,"column":16},"end":{"line":22,"column":41}},"loc":{"start":{"line":22,"column":62},"end":{"line":24,"column":null}},"line":22},"3":{"name":"(anonymous_3)","decl":{"start":{"line":26,"column":9},"end":{"line":26,"column":27}},"loc":{"start":{"line":26,"column":63},"end":{"line":34,"column":null}},"line":26},"4":{"name":"(anonymous_4)","decl":{"start":{"line":40,"column":9},"end":{"line":40,"column":18}},"loc":{"start":{"line":40,"column":18},"end":{"line":72,"column":null}},"line":40},"5":{"name":"(anonymous_5)","decl":{"start":{"line":62,"column":23},"end":{"line":62,"column":29}},"loc":{"start":{"line":62,"column":29},"end":{"line":62,"column":null}},"line":62}},"branchMap":{"0":{"loc":{"start":{"line":41,"column":4},"end":{"line":69,"column":null}},"type":"if","locations":[{"start":{"line":41,"column":4},"end":{"line":69,"column":null}},{"start":{},"end":{}}],"line":41},"1":{"loc":{"start":{"line":48,"column":11},"end":{"line":56,"column":null}},"type":"binary-expr","locations":[{"start":{"line":48,"column":11},"end":{"line":48,"column":53}},{"start":{"line":48,"column":53},"end":{"line":48,"column":null}},{"start":{"line":49,"column":12},"end":{"line":56,"column":null}}],"line":48},"2":{"loc":{"start":{"line":51,"column":15},"end":{"line":54,"column":null}},"type":"binary-expr","locations":[{"start":{"line":51,"column":15},"end":{"line":51,"column":null}},{"start":{"line":52,"column":16},"end":{"line":54,"column":null}}],"line":51}},"s":{"0":0,"1":0,"2":0,"3":0,"4":0,"5":0,"6":0,"7":0,"8":0,"9":0,"10":0},"f":{"0":0,"1":0,"2":0,"3":0,"4":0,"5":0},"b":{"0":[0,0],"1":[0,0,0],"2":[0,0]},"meta":{"lastBranch":3,"lastFunction":6,"lastStatement":11,"seen":{"f:15:7:15:13":0,"s:15:7:15:13":0,"s:16:2:20:Infinity":1,"s:36:2:38:Infinity":2,"f:36:25:36:31":1,"s:37:4:37:Infinity":3,"f:22:16:22:41":2,"s:23:4:23:Infinity":4,"f:26:9:26:27":3,"s:27:4:30:Infinity":5,"s:33:4:33:Infinity":6,"f:40:9:40:18":4,"b:41:4:69:Infinity:undefined:undefined:undefined:undefined":0,"s:41:4:69:Infinity":7,"s:42:6:67:Infinity":8,"b:48:11:48:53:48:53:48:Infinity:49:12:56:Infinity":1,"b:51:15:51:Infinity:52:16:54:Infinity":2,"f:62:23:62:29":5,"s:62:29:62:Infinity":9,"s:71:4:71:Infinity":10}}}
,"C:\\Users\\raven\\Desktop\\BudgetBuddy\\client\\src\\components\\goal-card.tsx": {"path":"C:\\Users\\raven\\Desktop\\BudgetBuddy\\client\\src\\components\\goal-card.tsx","statementMap":{"0":{"start":{"line":13,"column":21},"end":{"line":13,"column":null}},"1":{"start":{"line":14,"column":20},"end":{"line":14,"column":null}},"2":{"start":{"line":16,"column":2},"end":{"line":45,"column":null}}},"fnMap":{"0":{"name":"GoalCard","decl":{"start":{"line":12,"column":16},"end":{"line":12,"column":25}},"loc":{"start":{"line":12,"column":77},"end":{"line":47,"column":null}},"line":12}},"branchMap":{"0":{"loc":{"start":{"line":26,"column":11},"end":{"line":29,"column":null}},"type":"binary-expr","locations":[{"start":{"line":26,"column":11},"end":{"line":26,"column":null}},{"start":{"line":27,"column":12},"end":{"line":29,"column":null}}],"line":26}},"s":{"0":0,"1":0,"2":0},"f":{"0":0},"b":{"0":[0,0]},"meta":{"lastBranch":1,"lastFunction":1,"lastStatement":3,"seen":{"f:12:16:12:25":0,"s:13:21:13:Infinity":0,"s:14:20:14:Infinity":1,"s:16:2:45:Infinity":2,"b:26:11:26:Infinity:27:12:29:Infinity":0}}}
,"C:\\Users\\raven\\Desktop\\BudgetBuddy\\client\\src\\components\\interval-toggle.tsx": {"path":"C:\\Users\\raven\\Desktop\\BudgetBuddy\\client\\src\\components\\interval-toggle.tsx","statementMap":{"0":{"start":{"line":11,"column":58},"end":{"line":15,"column":null}},"1":{"start":{"line":17,"column":2},"end":{"line":32,"column":null}},"2":{"start":{"line":20,"column":8},"end":{"line":30,"column":null}},"3":{"start":{"line":24,"column":25},"end":{"line":24,"column":null}}},"fnMap":{"0":{"name":"IntervalToggle","decl":{"start":{"line":10,"column":16},"end":{"line":10,"column":31}},"loc":{"start":{"line":10,"column":84},"end":{"line":34,"column":null}},"line":10},"1":{"name":"(anonymous_1)","decl":{"start":{"line":19,"column":21},"end":{"line":19,"column":22}},"loc":{"start":{"line":20,"column":8},"end":{"line":30,"column":null}},"line":20},"2":{"name":"(anonymous_2)","decl":{"start":{"line":24,"column":19},"end":{"line":24,"column":25}},"loc":{"start":{"line":24,"column":25},"end":{"line":24,"column":null}},"line":24}},"branchMap":{"0":{"loc":{"start":{"line":22,"column":19},"end":{"line":22,"column":null}},"type":"cond-expr","locations":[{"start":{"line":22,"column":40},"end":{"line":22,"column":52}},{"start":{"line":22,"column":52},"end":{"line":22,"column":null}}],"line":22}},"s":{"0":0,"1":0,"2":0,"3":0},"f":{"0":0,"1":0,"2":0},"b":{"0":[0,0]},"meta":{"lastBranch":1,"lastFunction":3,"lastStatement":4,"seen":{"f:10:16:10:31":0,"s:11:58:15:Infinity":0,"s:17:2:32:Infinity":1,"f:19:21:19:22":1,"s:20:8:30:Infinity":2,"b:22:40:22:52:22:52:22:Infinity":0,"f:24:19:24:25":2,"s:24:25:24:Infinity":3}}}
,"C:\\Users\\raven\\Desktop\\BudgetBuddy\\client\\src\\components\\spending-chart.tsx": {"path":"C:\\Users\\raven\\Desktop\\BudgetBuddy\\client\\src\\components\\spending-chart.tsx","statementMap":{"0":{"start":{"line":17,"column":16},"end":{"line":17,"column":null}},"1":{"start":{"line":17,"column":43},"end":{"line":17,"column":62}},"2":{"start":{"line":19,"column":2},"end":{"line":28,"column":null}},"3":{"start":{"line":20,"column":4},"end":{"line":26,"column":null}},"4":{"start":{"line":30,"column":2},"end":{"line":65,"column":null}},"5":{"start":{"line":40,"column":46},"end":{"line":40,"column":null}},"6":{"start":{"line":46,"column":14},"end":{"line":46,"column":null}},"7":{"start":{"line":50,"column":42},"end":{"line":50,"column":null}}},"fnMap":{"0":{"name":"SpendingChart","decl":{"start":{"line":16,"column":16},"end":{"line":16,"column":30}},"loc":{"start":{"line":16,"column":103},"end":{"line":67,"column":null}},"line":16},"1":{"name":"(anonymous_1)","decl":{"start":{"line":17,"column":28},"end":{"line":17,"column":29}},"loc":{"start":{"line":17,"column":43},"end":{"line":17,"column":62}},"line":17},"2":{"name":"(anonymous_2)","decl":{"start":{"line":40,"column":19},"end":{"line":40,"column":20}},"loc":{"start":{"line":40,"column":46},"end":{"line":40,"column":null}},"line":40},"3":{"name":"(anonymous_3)","decl":{"start":{"line":45,"column":22},"end":{"line":45,"column":23}},"loc":{"start":{"line":46,"column":14},"end":{"line":46,"column":null}},"line":46},"4":{"name":"(anonymous_4)","decl":{"start":{"line":50,"column":23},"end":{"line":50,"column":24}},"loc":{"start":{"line":50,"column":42},"end":{"line":50,"column":null}},"line":50}},"branchMap":{"0":{"loc":{"start":{"line":16,"column":38},"end":{"line":16,"column":70}},"type":"default-arg","locations":[{"start":{"line":16,"column":46},"end":{"line":16,"column":70}}],"line":16},"1":{"loc":{"start":{"line":19,"column":2},"end":{"line":28,"column":null}},"type":"if","locations":[{"start":{"line":19,"column":2},"end":{"line":28,"column":null}},{"start":{},"end":{}}],"line":19}},"s":{"0":0,"1":0,"2":0,"3":0,"4":0,"5":0,"6":0,"7":0},"f":{"0":0,"1":0,"2":0,"3":0,"4":0},"b":{"0":[0],"1":[0,0]},"meta":{"lastBranch":2,"lastFunction":5,"lastStatement":8,"seen":{"f:16:16:16:30":0,"b:16:46:16:70":0,"s:17:16:17:Infinity":0,"f:17:28:17:29":1,"s:17:43:17:62":1,"b:19:2:28:Infinity:undefined:undefined:undefined:undefined":1,"s:19:2:28:Infinity":2,"s:20:4:26:Infinity":3,"s:30:2:65:Infinity":4,"f:40:19:40:20":2,"s:40:46:40:Infinity":5,"f:45:22:45:23":3,"s:46:14:46:Infinity":6,"f:50:23:50:24":4,"s:50:42:50:Infinity":7}}}
,"C:\\Users\\raven\\Desktop\\BudgetBuddy\\client\\src\\components\\stat-card.tsx": {"path":"C:\\Users\\raven\\Desktop\\BudgetBuddy\\client\\src\\components\\stat-card.tsx","statementMap":{"0":{"start":{"line":16,"column":2},"end":{"line":37,"column":null}}},"fnMap":{"0":{"name":"StatCard","decl":{"start":{"line":15,"column":16},"end":{"line":15,"column":25}},"loc":{"start":{"line":15,"column":87},"end":{"line":39,"column":null}},"line":15}},"branchMap":{"0":{"loc":{"start":{"line":24,"column":11},"end":{"line":25,"column":null}},"type":"binary-expr","locations":[{"start":{"line":24,"column":11},"end":{"line":24,"column":null}},{"start":{"line":25,"column":12},"end":{"line":25,"column":null}}],"line":24},"1":{"loc":{"start":{"line":27,"column":11},"end":{"line":30,"column":null}},"type":"binary-expr","locations":[{"start":{"line":27,"column":11},"end":{"line":27,"column":null}},{"start":{"line":28,"column":12},"end":{"line":30,"column":null}}],"line":27},"2":{"loc":{"start":{"line":28,"column":54},"end":{"line":28,"column":108}},"type":"cond-expr","locations":[{"start":{"line":28,"column":73},"end":{"line":28,"column":90}},{"start":{"line":28,"column":90},"end":{"line":28,"column":108}}],"line":28},"3":{"loc":{"start":{"line":29,"column":15},"end":{"line":29,"column":44}},"type":"cond-expr","locations":[{"start":{"line":29,"column":34},"end":{"line":29,"column":40}},{"start":{"line":29,"column":40},"end":{"line":29,"column":44}}],"line":29}},"s":{"0":1},"f":{"0":1},"b":{"0":[1,1],"1":[1,1],"2":[1,0],"3":[1,0]},"meta":{"lastBranch":4,"lastFunction":1,"lastStatement":1,"seen":{"f:15:16:15:25":0,"s:16:2:37:Infinity":0,"b:24:11:24:Infinity:25:12:25:Infinity":0,"b:27:11:27:Infinity:28:12:30:Infinity":1,"b:28:73:28:90:28:90:28:108":2,"b:29:34:29:40:29:40:29:44":3}}}
,"C:\\Users\\raven\\Desktop\\BudgetBuddy\\client\\src\\components\\theme-provider.tsx": {"path":"C:\\Users\\raven\\Desktop\\BudgetBuddy\\client\\src\\components\\theme-provider.tsx","statementMap":{"0":{"start":{"line":15,"column":6},"end":{"line":17,"column":null}},"1":{"start":{"line":23,"column":24},"end":{"line":25,"column":null}},"2":{"start":{"line":24,"column":11},"end":{"line":24,"column":null}},"3":{"start":{"line":27,"column":2},"end":{"line":32,"column":null}},"4":{"start":{"line":28,"column":17},"end":{"line":28,"column":null}},"5":{"start":{"line":29,"column":4},"end":{"line":29,"column":null}},"6":{"start":{"line":30,"column":4},"end":{"line":30,"column":null}},"7":{"start":{"line":31,"column":4},"end":{"line":31,"column":null}},"8":{"start":{"line":34,"column":2},"end":{"line":37,"column":null}},"9":{"start":{"line":42,"column":8},"end":{"line":42,"column":null}},"10":{"start":{"line":43,"column":2},"end":{"line":45,"column":null}},"11":{"start":{"line":44,"column":4},"end":{"line":44,"column":null}},"12":{"start":{"line":46,"column":2},"end":{"line":46,"column":null}}},"fnMap":{"0":{"name":"ThemeProvider","decl":{"start":{"line":19,"column":16},"end":{"line":19,"column":30}},"loc":{"start":{"line":22,"column":23},"end":{"line":39,"column":null}},"line":22},"1":{"name":"(anonymous_1)","decl":{"start":{"line":24,"column":4},"end":{"line":24,"column":11}},"loc":{"start":{"line":24,"column":11},"end":{"line":24,"column":null}},"line":24},"2":{"name":"(anonymous_2)","decl":{"start":{"line":27,"column":12},"end":{"line":27,"column":18}},"loc":{"start":{"line":27,"column":18},"end":{"line":32,"column":5}},"line":27},"3":{"name":"useTheme","decl":{"start":{"line":41,"column":16},"end":{"line":41,"column":27}},"loc":{"start":{"line":41,"column":27},"end":{"line":47,"column":null}},"line":41}},"branchMap":{"0":{"loc":{"start":{"line":21,"column":2},"end":{"line":21,"column":null}},"type":"default-arg","locations":[{"start":{"line":21,"column":17},"end":{"line":21,"column":null}}],"line":21},"1":{"loc":{"start":{"line":24,"column":11},"end":{"line":24,"column":null}},"type":"binary-expr","locations":[{"start":{"line":24,"column":11},"end":{"line":24,"column":54}},{"start":{"line":24,"column":54},"end":{"line":24,"column":null}}],"line":24},"2":{"loc":{"start":{"line":43,"column":2},"end":{"line":45,"column":null}},"type":"if","locations":[{"start":{"line":43,"column":2},"end":{"line":45,"column":null}},{"start":{},"end":{}}],"line":43}},"s":{"0":0,"1":0,"2":0,"3":0,"4":0,"5":0,"6":0,"7":0,"8":0,"9":0,"10":0,"11":0,"12":0},"f":{"0":0,"1":0,"2":0,"3":0},"b":{"0":[0],"1":[0,0],"2":[0,0]},"meta":{"lastBranch":3,"lastFunction":4,"lastStatement":13,"seen":{"s:15:6:17:Infinity":0,"f:19:16:19:30":0,"b:21:17:21:Infinity":0,"s:23:24:25:Infinity":1,"f:24:4:24:11":1,"s:24:11:24:Infinity":2,"b:24:11:24:54:24:54:24:Infinity":1,"s:27:2:32:Infinity":3,"f:27:12:27:18":2,"s:28:17:28:Infinity":4,"s:29:4:29:Infinity":5,"s:30:4:30:Infinity":6,"s:31:4:31:Infinity":7,"s:34:2:37:Infinity":8,"f:41:16:41:27":3,"s:42:8:42:Infinity":9,"b:43:2:45:Infinity:undefined:undefined:undefined:undefined":2,"s:43:2:45:Infinity":10,"s:44:4:44:Infinity":11,"s:46:2:46:Infinity":12}}}
,"C:\\Users\\raven\\Desktop\\BudgetBuddy\\client\\src\\components\\theme-toggle.tsx": {"path":"C:\\Users\\raven\\Desktop\\BudgetBuddy\\client\\src\\components\\theme-toggle.tsx","statementMap":{"0":{"start":{"line":6,"column":26},"end":{"line":6,"column":null}},"1":{"start":{"line":8,"column":2},"end":{"line":21,"column":null}},"2":{"start":{"line":12,"column":21},"end":{"line":12,"column":null}}},"fnMap":{"0":{"name":"ThemeToggle","decl":{"start":{"line":5,"column":16},"end":{"line":5,"column":30}},"loc":{"start":{"line":5,"column":30},"end":{"line":23,"column":null}},"line":5},"1":{"name":"(anonymous_1)","decl":{"start":{"line":12,"column":15},"end":{"line":12,"column":21}},"loc":{"start":{"line":12,"column":21},"end":{"line":12,"column":null}},"line":12}},"branchMap":{"0":{"loc":{"start":{"line":12,"column":30},"end":{"line":12,"column":66}},"type":"cond-expr","locations":[{"start":{"line":12,"column":50},"end":{"line":12,"column":59}},{"start":{"line":12,"column":59},"end":{"line":12,"column":66}}],"line":12},"1":{"loc":{"start":{"line":15,"column":7},"end":{"line":18,"column":null}},"type":"cond-expr","locations":[{"start":{"line":16,"column":8},"end":{"line":16,"column":null}},{"start":{"line":18,"column":8},"end":{"line":18,"column":null}}],"line":15}},"s":{"0":0,"1":0,"2":0},"f":{"0":0,"1":0},"b":{"0":[0,0],"1":[0,0]},"meta":{"lastBranch":2,"lastFunction":2,"lastStatement":3,"seen":{"f:5:16:5:30":0,"s:6:26:6:Infinity":0,"s:8:2:21:Infinity":1,"f:12:15:12:21":1,"s:12:21:12:Infinity":2,"b:12:50:12:59:12:59:12:66":0,"b:16:8:16:Infinity:18:8:18:Infinity":1}}}
,"C:\\Users\\raven\\Desktop\\BudgetBuddy\\client\\src\\components\\transaction-table.tsx": {"path":"C:\\Users\\raven\\Desktop\\BudgetBuddy\\client\\src\\components\\transaction-table.tsx","statementMap":{"0":{"start":{"line":37,"column":34},"end":{"line":37,"column":null}},"1":{"start":{"line":38,"column":42},"end":{"line":38,"column":null}},"2":{"start":{"line":40,"column":21},"end":{"line":40,"column":null}},"3":{"start":{"line":40,"column":73},"end":{"line":40,"column":83}},"4":{"start":{"line":42,"column":31},"end":{"line":46,"column":null}},"5":{"start":{"line":43,"column":26},"end":{"line":43,"column":null}},"6":{"start":{"line":44,"column":28},"end":{"line":44,"column":null}},"7":{"start":{"line":45,"column":4},"end":{"line":45,"column":null}},"8":{"start":{"line":48,"column":2},"end":{"line":136,"column":null}},"9":{"start":{"line":56,"column":29},"end":{"line":56,"column":null}},"10":{"start":{"line":67,"column":14},"end":{"line":69,"column":null}},"11":{"start":{"line":95,"column":16},"end":{"line":130,"column":null}},"12":{"start":{"line":115,"column":39},"end":{"line":115,"column":null}},"13":{"start":{"line":123,"column":39},"end":{"line":123,"column":null}}},"fnMap":{"0":{"name":"TransactionTable","decl":{"start":{"line":36,"column":16},"end":{"line":36,"column":33}},"loc":{"start":{"line":36,"column":92},"end":{"line":138,"column":null}},"line":36},"1":{"name":"(anonymous_1)","decl":{"start":{"line":40,"column":68},"end":{"line":40,"column":73}},"loc":{"start":{"line":40,"column":73},"end":{"line":40,"column":83}},"line":40},"2":{"name":"(anonymous_2)","decl":{"start":{"line":42,"column":51},"end":{"line":42,"column":66}},"loc":{"start":{"line":42,"column":66},"end":{"line":46,"column":3}},"line":42},"3":{"name":"(anonymous_3)","decl":{"start":{"line":56,"column":22},"end":{"line":56,"column":23}},"loc":{"start":{"line":56,"column":29},"end":{"line":56,"column":null}},"line":56},"4":{"name":"(anonymous_4)","decl":{"start":{"line":66,"column":28},"end":{"line":66,"column":null}},"loc":{"start":{"line":67,"column":14},"end":{"line":69,"column":null}},"line":67},"5":{"name":"(anonymous_5)","decl":{"start":{"line":94,"column":39},"end":{"line":94,"column":40}},"loc":{"start":{"line":95,"column":16},"end":{"line":130,"column":null}},"line":95},"6":{"name":"(anonymous_6)","decl":{"start":{"line":115,"column":33},"end":{"line":115,"column":39}},"loc":{"start":{"line":115,"column":39},"end":{"line":115,"column":null}},"line":115},"7":{"name":"(anonymous_7)","decl":{"start":{"line":123,"column":33},"end":{"line":123,"column":39}},"loc":{"start":{"line":123,"column":39},"end":{"line":123,"column":null}},"line":123}},"branchMap":{"0":{"loc":{"start":{"line":44,"column":28},"end":{"line":44,"column":null}},"type":"binary-expr","locations":[{"start":{"line":44,"column":28},"end":{"line":44,"column":56}},{"start":{"line":44,"column":56},"end":{"line":44,"column":null}}],"line":44},"1":{"loc":{"start":{"line":45,"column":11},"end":{"line":45,"column":null}},"type":"binary-expr","locations":[{"start":{"line":45,"column":11},"end":{"line":45,"column":28}},{"start":{"line":45,"column":28},"end":{"line":45,"column":null}}],"line":45},"2":{"loc":{"start":{"line":68,"column":17},"end":{"line":68,"column":null}},"type":"cond-expr","locations":[{"start":{"line":68,"column":38},"end":{"line":68,"column":57}},{"start":{"line":68,"column":57},"end":{"line":68,"column":null}}],"line":68},"3":{"loc":{"start":{"line":87,"column":13},"end":{"line":131,"column":null}},"type":"cond-expr","locations":[{"start":{"line":88,"column":14},"end":{"line":92,"column":null}},{"start":{"line":94,"column":14},"end":{"line":131,"column":null}}],"line":87},"4":{"loc":{"start":{"line":106,"column":37},"end":{"line":106,"column":null}},"type":"cond-expr","locations":[{"start":{"line":106,"column":69},"end":{"line":106,"column":86}},{"start":{"line":106,"column":86},"end":{"line":106,"column":null}}],"line":106},"5":{"loc":{"start":{"line":107,"column":23},"end":{"line":107,"column":65}},"type":"cond-expr","locations":[{"start":{"line":107,"column":55},"end":{"line":107,"column":61}},{"start":{"line":107,"column":61},"end":{"line":107,"column":65}}],"line":107}},"s":{"0":0,"1":0,"2":0,"3":0,"4":0,"5":0,"6":0,"7":0,"8":0,"9":0,"10":0,"11":0,"12":0,"13":0},"f":{"0":0,"1":0,"2":0,"3":0,"4":0,"5":0,"6":0,"7":0},"b":{"0":[0,0],"1":[0,0],"2":[0,0],"3":[0,0],"4":[0,0],"5":[0,0]},"meta":{"lastBranch":6,"lastFunction":8,"lastStatement":14,"seen":{"f:36:16:36:33":0,"s:37:34:37:Infinity":0,"s:38:42:38:Infinity":1,"s:40:21:40:Infinity":2,"f:40:68:40:73":1,"s:40:73:40:83":3,"s:42:31:46:Infinity":4,"f:42:51:42:66":2,"s:43:26:43:Infinity":5,"s:44:28:44:Infinity":6,"b:44:28:44:56:44:56:44:Infinity":0,"s:45:4:45:Infinity":7,"b:45:11:45:28:45:28:45:Infinity":1,"s:48:2:136:Infinity":8,"f:56:22:56:23":3,"s:56:29:56:Infinity":9,"f:66:28:66:Infinity":4,"s:67:14:69:Infinity":10,"b:68:38:68:57:68:57:68:Infinity":2,"b:88:14:92:Infinity:94:14:131:Infinity":3,"f:94:39:94:40":5,"s:95:16:130:Infinity":11,"b:106:69:106:86:106:86:106:Infinity":4,"b:107:55:107:61:107:61:107:65":5,"f:115:33:115:39":6,"s:115:39:115:Infinity":12,"f:123:33:123:39":7,"s:123:39:123:Infinity":13}}}
,"C:\\Users\\raven\\Desktop\\BudgetBuddy\\client\\src\\components\\trend-chart.tsx": {"path":"C:\\Users\\raven\\Desktop\\BudgetBuddy\\client\\src\\components\\trend-chart.tsx","statementMap":{"0":{"start":{"line":16,"column":2},"end":{"line":57,"column":null}},"1":{"start":{"line":30,"column":38},"end":{"line":30,"column":null}},"2":{"start":{"line":38,"column":42},"end":{"line":38,"column":null}}},"fnMap":{"0":{"name":"TrendChart","decl":{"start":{"line":15,"column":16},"end":{"line":15,"column":27}},"loc":{"start":{"line":15,"column":79},"end":{"line":59,"column":null}},"line":15},"1":{"name":"(anonymous_1)","decl":{"start":{"line":30,"column":27},"end":{"line":30,"column":28}},"loc":{"start":{"line":30,"column":38},"end":{"line":30,"column":null}},"line":30},"2":{"name":"(anonymous_2)","decl":{"start":{"line":38,"column":23},"end":{"line":38,"column":24}},"loc":{"start":{"line":38,"column":42},"end":{"line":38,"column":null}},"line":38}},"branchMap":{"0":{"loc":{"start":{"line":15,"column":35},"end":{"line":15,"column":59}},"type":"default-arg","locations":[{"start":{"line":15,"column":43},"end":{"line":15,"column":59}}],"line":15}},"s":{"0":0,"1":0,"2":0},"f":{"0":0,"1":0,"2":0},"b":{"0":[0]},"meta":{"lastBranch":1,"lastFunction":3,"lastStatement":3,"seen":{"f:15:16:15:27":0,"b:15:43:15:59":0,"s:16:2:57:Infinity":0,"f:30:27:30:28":1,"s:30:38:30:Infinity":1,"f:38:23:38:24":2,"s:38:42:38:Infinity":2}}}
,"C:\\Users\\raven\\Desktop\\BudgetBuddy\\client\\src\\components\\examples\\AIInsightsCard.tsx": {"path":"C:\\Users\\raven\\Desktop\\BudgetBuddy\\client\\src\\components\\examples\\AIInsightsCard.tsx","statementMap":{"0":{"start":{"line":4,"column":2},"end":{"line":4,"column":null}}},"fnMap":{"0":{"name":"AIInsightsCardExample","decl":{"start":{"line":3,"column":24},"end":{"line":3,"column":48}},"loc":{"start":{"line":3,"column":48},"end":{"line":5,"column":null}},"line":3}},"branchMap":{},"s":{"0":0},"f":{"0":0},"b":{},"meta":{"lastBranch":0,"lastFunction":1,"lastStatement":1,"seen":{"f:3:24:3:48":0,"s:4:2:4:Infinity":0}}}
,"C:\\Users\\raven\\Desktop\\BudgetBuddy\\client\\src\\components\\examples\\AddTransactionDialog.tsx": {"path":"C:\\Users\\raven\\Desktop\\BudgetBuddy\\client\\src\\components\\examples\\AddTransactionDialog.tsx","statementMap":{"0":{"start":{"line":4,"column":2},"end":{"line":4,"column":null}}},"fnMap":{"0":{"name":"AddTransactionDialogExample","decl":{"start":{"line":3,"column":24},"end":{"line":3,"column":54}},"loc":{"start":{"line":3,"column":54},"end":{"line":5,"column":null}},"line":3}},"branchMap":{},"s":{"0":0},"f":{"0":0},"b":{},"meta":{"lastBranch":0,"lastFunction":1,"lastStatement":1,"seen":{"f:3:24:3:54":0,"s:4:2:4:Infinity":0}}}
,"C:\\Users\\raven\\Desktop\\BudgetBuddy\\client\\src\\components\\examples\\AppSidebar.tsx": {"path":"C:\\Users\\raven\\Desktop\\BudgetBuddy\\client\\src\\components\\examples\\AppSidebar.tsx","statementMap":{"0":{"start":{"line":5,"column":16},"end":{"line":8,"column":null}},"1":{"start":{"line":10,"column":2},"end":{"line":15,"column":null}}},"fnMap":{"0":{"name":"AppSidebarExample","decl":{"start":{"line":4,"column":24},"end":{"line":4,"column":44}},"loc":{"start":{"line":4,"column":44},"end":{"line":17,"column":null}},"line":4}},"branchMap":{},"s":{"0":0,"1":0},"f":{"0":0},"b":{},"meta":{"lastBranch":0,"lastFunction":1,"lastStatement":2,"seen":{"f:4:24:4:44":0,"s:5:16:8:Infinity":0,"s:10:2:15:Infinity":1}}}
,"C:\\Users\\raven\\Desktop\\BudgetBuddy\\client\\src\\components\\examples\\BudgetProgressCard.tsx": {"path":"C:\\Users\\raven\\Desktop\\BudgetBuddy\\client\\src\\components\\examples\\BudgetProgressCard.tsx","statementMap":{"0":{"start":{"line":4,"column":2},"end":{"line":30,"column":null}}},"fnMap":{"0":{"name":"BudgetProgressCardExample","decl":{"start":{"line":3,"column":24},"end":{"line":3,"column":52}},"loc":{"start":{"line":3,"column":52},"end":{"line":32,"column":null}},"line":3}},"branchMap":{},"s":{"0":0},"f":{"0":0},"b":{},"meta":{"lastBranch":0,"lastFunction":1,"lastStatement":1,"seen":{"f:3:24:3:52":0,"s:4:2:30:Infinity":0}}}
,"C:\\Users\\raven\\Desktop\\BudgetBuddy\\client\\src\\components\\examples\\GoalCard.tsx": {"path":"C:\\Users\\raven\\Desktop\\BudgetBuddy\\client\\src\\components\\examples\\GoalCard.tsx","statementMap":{"0":{"start":{"line":4,"column":2},"end":{"line":23,"column":null}}},"fnMap":{"0":{"name":"GoalCardExample","decl":{"start":{"line":3,"column":24},"end":{"line":3,"column":42}},"loc":{"start":{"line":3,"column":42},"end":{"line":25,"column":null}},"line":3}},"branchMap":{},"s":{"0":0},"f":{"0":0},"b":{},"meta":{"lastBranch":0,"lastFunction":1,"lastStatement":1,"seen":{"f:3:24:3:42":0,"s:4:2:23:Infinity":0}}}
,"C:\\Users\\raven\\Desktop\\BudgetBuddy\\client\\src\\components\\examples\\SpendingChart.tsx": {"path":"C:\\Users\\raven\\Desktop\\BudgetBuddy\\client\\src\\components\\examples\\SpendingChart.tsx","statementMap":{"0":{"start":{"line":4,"column":19},"end":{"line":10,"column":null}},"1":{"start":{"line":12,"column":2},"end":{"line":12,"column":null}}},"fnMap":{"0":{"name":"SpendingChartExample","decl":{"start":{"line":3,"column":24},"end":{"line":3,"column":47}},"loc":{"start":{"line":3,"column":47},"end":{"line":13,"column":null}},"line":3}},"branchMap":{},"s":{"0":0,"1":0},"f":{"0":0},"b":{},"meta":{"lastBranch":0,"lastFunction":1,"lastStatement":2,"seen":{"f:3:24:3:47":0,"s:4:19:10:Infinity":0,"s:12:2:12:Infinity":1}}}
,"C:\\Users\\raven\\Desktop\\BudgetBuddy\\client\\src\\components\\examples\\StatCard.tsx": {"path":"C:\\Users\\raven\\Desktop\\BudgetBuddy\\client\\src\\components\\examples\\StatCard.tsx","statementMap":{"0":{"start":{"line":5,"column":2},"end":{"line":32,"column":null}}},"fnMap":{"0":{"name":"StatCardExample","decl":{"start":{"line":4,"column":24},"end":{"line":4,"column":42}},"loc":{"start":{"line":4,"column":42},"end":{"line":34,"column":null}},"line":4}},"branchMap":{},"s":{"0":0},"f":{"0":0},"b":{},"meta":{"lastBranch":0,"lastFunction":1,"lastStatement":1,"seen":{"f:4:24:4:42":0,"s:5:2:32:Infinity":0}}}
,"C:\\Users\\raven\\Desktop\\BudgetBuddy\\client\\src\\components\\examples\\ThemeToggle.tsx": {"path":"C:\\Users\\raven\\Desktop\\BudgetBuddy\\client\\src\\components\\examples\\ThemeToggle.tsx","statementMap":{"0":{"start":{"line":5,"column":2},"end":{"line":8,"column":null}}},"fnMap":{"0":{"name":"ThemeToggleExample","decl":{"start":{"line":4,"column":24},"end":{"line":4,"column":45}},"loc":{"start":{"line":4,"column":45},"end":{"line":10,"column":null}},"line":4}},"branchMap":{},"s":{"0":0},"f":{"0":0},"b":{},"meta":{"lastBranch":0,"lastFunction":1,"lastStatement":1,"seen":{"f:4:24:4:45":0,"s:5:2:8:Infinity":0}}}
,"C:\\Users\\raven\\Desktop\\BudgetBuddy\\client\\src\\components\\examples\\TransactionTable.tsx": {"path":"C:\\Users\\raven\\Desktop\\BudgetBuddy\\client\\src\\components\\examples\\TransactionTable.tsx","statementMap":{"0":{"start":{"line":4,"column":27},"end":{"line":10,"column":null}},"1":{"start":{"line":12,"column":2},"end":{"line":17,"column":null}},"2":{"start":{"line":15,"column":22},"end":{"line":15,"column":null}},"3":{"start":{"line":16,"column":24},"end":{"line":16,"column":null}}},"fnMap":{"0":{"name":"TransactionTableExample","decl":{"start":{"line":3,"column":24},"end":{"line":3,"column":50}},"loc":{"start":{"line":3,"column":50},"end":{"line":19,"column":null}},"line":3},"1":{"name":"(anonymous_1)","decl":{"start":{"line":15,"column":14},"end":{"line":15,"column":15}},"loc":{"start":{"line":15,"column":22},"end":{"line":15,"column":null}},"line":15},"2":{"name":"(anonymous_2)","decl":{"start":{"line":16,"column":16},"end":{"line":16,"column":17}},"loc":{"start":{"line":16,"column":24},"end":{"line":16,"column":null}},"line":16}},"branchMap":{},"s":{"0":0,"1":0,"2":0,"3":0},"f":{"0":0,"1":0,"2":0},"b":{},"meta":{"lastBranch":0,"lastFunction":3,"lastStatement":4,"seen":{"f:3:24:3:50":0,"s:4:27:10:Infinity":0,"s:12:2:17:Infinity":1,"f:15:14:15:15":1,"s:15:22:15:Infinity":2,"f:16:16:16:17":2,"s:16:24:16:Infinity":3}}}
,"C:\\Users\\raven\\Desktop\\BudgetBuddy\\client\\src\\components\\examples\\TrendChart.tsx": {"path":"C:\\Users\\raven\\Desktop\\BudgetBuddy\\client\\src\\components\\examples\\TrendChart.tsx","statementMap":{"0":{"start":{"line":4,"column":19},"end":{"line":11,"column":null}},"1":{"start":{"line":13,"column":2},"end":{"line":13,"column":null}}},"fnMap":{"0":{"name":"TrendChartExample","decl":{"start":{"line":3,"column":24},"end":{"line":3,"column":44}},"loc":{"start":{"line":3,"column":44},"end":{"line":14,"column":null}},"line":3}},"branchMap":{},"s":{"0":0,"1":0},"f":{"0":0},"b":{},"meta":{"lastBranch":0,"lastFunction":1,"lastStatement":2,"seen":{"f:3:24:3:44":0,"s:4:19:11:Infinity":0,"s:13:2:13:Infinity":1}}}
,"C:\\Users\\raven\\Desktop\\BudgetBuddy\\client\\src\\components\\ui\\accordion.tsx": {"path":"C:\\Users\\raven\\Desktop\\BudgetBuddy\\client\\src\\components\\ui\\accordion.tsx","statementMap":{"0":{"start":{"line":7,"column":18},"end":{"line":7,"column":null}},"1":{"start":{"line":9,"column":22},"end":{"line":18,"column":null}},"2":{"start":{"line":13,"column":2},"end":{"line":17,"column":null}},"3":{"start":{"line":19,"column":0},"end":{"line":19,"column":null}},"4":{"start":{"line":21,"column":25},"end":{"line":38,"column":null}},"5":{"start":{"line":25,"column":2},"end":{"line":37,"column":null}},"6":{"start":{"line":39,"column":0},"end":{"line":39,"column":null}},"7":{"start":{"line":41,"column":25},"end":{"line":52,"column":null}},"8":{"start":{"line":45,"column":2},"end":{"line":51,"column":null}},"9":{"start":{"line":54,"column":0},"end":{"line":54,"column":null}}},"fnMap":{"0":{"name":"(anonymous_0)","decl":{"start":{"line":12,"column":2},"end":{"line":12,"column":3}},"loc":{"start":{"line":13,"column":2},"end":{"line":17,"column":null}},"line":13},"1":{"name":"(anonymous_1)","decl":{"start":{"line":24,"column":2},"end":{"line":24,"column":3}},"loc":{"start":{"line":25,"column":2},"end":{"line":37,"column":null}},"line":25},"2":{"name":"(anonymous_2)","decl":{"start":{"line":44,"column":2},"end":{"line":44,"column":3}},"loc":{"start":{"line":45,"column":2},"end":{"line":51,"column":null}},"line":45}},"branchMap":{},"s":{"0":0,"1":0,"2":0,"3":0,"4":0,"5":0,"6":0,"7":0,"8":0,"9":0},"f":{"0":0,"1":0,"2":0},"b":{},"meta":{"lastBranch":0,"lastFunction":3,"lastStatement":10,"seen":{"s:7:18:7:Infinity":0,"s:9:22:18:Infinity":1,"f:12:2:12:3":0,"s:13:2:17:Infinity":2,"s:19:0:19:Infinity":3,"s:21:25:38:Infinity":4,"f:24:2:24:3":1,"s:25:2:37:Infinity":5,"s:39:0:39:Infinity":6,"s:41:25:52:Infinity":7,"f:44:2:44:3":2,"s:45:2:51:Infinity":8,"s:54:0:54:Infinity":9}}}
,"C:\\Users\\raven\\Desktop\\BudgetBuddy\\client\\src\\components\\ui\\alert-dialog.tsx": {"path":"C:\\Users\\raven\\Desktop\\BudgetBuddy\\client\\src\\components\\ui\\alert-dialog.tsx","statementMap":{"0":{"start":{"line":7,"column":20},"end":{"line":7,"column":null}},"1":{"start":{"line":9,"column":27},"end":{"line":9,"column":null}},"2":{"start":{"line":11,"column":26},"end":{"line":11,"column":null}},"3":{"start":{"line":13,"column":27},"end":{"line":25,"column":null}},"4":{"start":{"line":17,"column":2},"end":{"line":24,"column":null}},"5":{"start":{"line":26,"column":0},"end":{"line":26,"column":null}},"6":{"start":{"line":28,"column":27},"end":{"line":43,"column":null}},"7":{"start":{"line":32,"column":2},"end":{"line":42,"column":null}},"8":{"start":{"line":44,"column":0},"end":{"line":44,"column":null}},"9":{"start":{"line":46,"column":26},"end":{"line":56,"column":null}},"10":{"start":{"line":50,"column":2},"end":{"line":56,"column":null}},"11":{"start":{"line":58,"column":0},"end":{"line":58,"column":null}},"12":{"start":{"line":60,"column":26},"end":{"line":70,"column":null}},"13":{"start":{"line":64,"column":2},"end":{"line":70,"column":null}},"14":{"start":{"line":72,"column":0},"end":{"line":72,"column":null}},"15":{"start":{"line":74,"column":25},"end":{"line":83,"column":null}},"16":{"start":{"line":78,"column":2},"end":{"line":82,"column":null}},"17":{"start":{"line":84,"column":0},"end":{"line":84,"column":null}},"18":{"start":{"line":86,"column":31},"end":{"line":95,"column":null}},"19":{"start":{"line":90,"column":2},"end":{"line":94,"column":null}},"20":{"start":{"line":96,"column":0},"end":{"line":97,"column":null}},"21":{"start":{"line":99,"column":26},"end":{"line":108,"column":null}},"22":{"start":{"line":103,"column":2},"end":{"line":107,"column":null}},"23":{"start":{"line":109,"column":0},"end":{"line":109,"column":null}},"24":{"start":{"line":111,"column":26},"end":{"line":124,"column":null}},"25":{"start":{"line":115,"column":2},"end":{"line":123,"column":null}},"26":{"start":{"line":125,"column":0},"end":{"line":125,"column":null}}},"fnMap":{"0":{"name":"(anonymous_0)","decl":{"start":{"line":16,"column":2},"end":{"line":16,"column":3}},"loc":{"start":{"line":17,"column":2},"end":{"line":24,"column":null}},"line":17},"1":{"name":"(anonymous_1)","decl":{"start":{"line":31,"column":2},"end":{"line":31,"column":3}},"loc":{"start":{"line":32,"column":2},"end":{"line":42,"column":null}},"line":32},"2":{"name":"(anonymous_2)","decl":{"start":{"line":46,"column":26},"end":{"line":46,"column":27}},"loc":{"start":{"line":50,"column":2},"end":{"line":56,"column":null}},"line":50},"3":{"name":"(anonymous_3)","decl":{"start":{"line":60,"column":26},"end":{"line":60,"column":27}},"loc":{"start":{"line":64,"column":2},"end":{"line":70,"column":null}},"line":64},"4":{"name":"(anonymous_4)","decl":{"start":{"line":77,"column":2},"end":{"line":77,"column":3}},"loc":{"start":{"line":78,"column":2},"end":{"line":82,"column":null}},"line":78},"5":{"name":"(anonymous_5)","decl":{"start":{"line":89,"column":2},"end":{"line":89,"column":3}},"loc":{"start":{"line":90,"column":2},"end":{"line":94,"column":null}},"line":90},"6":{"name":"(anonymous_6)","decl":{"start":{"line":102,"column":2},"end":{"line":102,"column":3}},"loc":{"start":{"line":103,"column":2},"end":{"line":107,"column":null}},"line":103},"7":{"name":"(anonymous_7)","decl":{"start":{"line":114,"column":2},"end":{"line":114,"column":3}},"loc":{"start":{"line":115,"column":2},"end":{"line":123,"column":null}},"line":115}},"branchMap":{},"s":{"0":0,"1":0,"2":0,"3":0,"4":0,"5":0,"6":0,"7":0,"8":0,"9":0,"10":0,"11":0,"12":0,"13":0,"14":0,"15":0,"16":0,"17":0,"18":0,"19":0,"20":0,"21":0,"22":0,"23":0,"24":0,"25":0,"26":0},"f":{"0":0,"1":0,"2":0,"3":0,"4":0,"5":0,"6":0,"7":0},"b":{},"meta":{"lastBranch":0,"lastFunction":8,"lastStatement":27,"seen":{"s:7:20:7:Infinity":0,"s:9:27:9:Infinity":1,"s:11:26:11:Infinity":2,"s:13:27:25:Infinity":3,"f:16:2:16:3":0,"s:17:2:24:Infinity":4,"s:26:0:26:Infinity":5,"s:28:27:43:Infinity":6,"f:31:2:31:3":1,"s:32:2:42:Infinity":7,"s:44:0:44:Infinity":8,"s:46:26:56:Infinity":9,"f:46:26:46:27":2,"s:50:2:56:Infinity":10,"s:58:0:58:Infinity":11,"s:60:26:70:Infinity":12,"f:60:26:60:27":3,"s:64:2:70:Infinity":13,"s:72:0:72:Infinity":14,"s:74:25:83:Infinity":15,"f:77:2:77:3":4,"s:78:2:82:Infinity":16,"s:84:0:84:Infinity":17,"s:86:31:95:Infinity":18,"f:89:2:89:3":5,"s:90:2:94:Infinity":19,"s:96:0:97:Infinity":20,"s:99:26:108:Infinity":21,"f:102:2:102:3":6,"s:103:2:107:Infinity":22,"s:109:0:109:Infinity":23,"s:111:26:124:Infinity":24,"f:114:2:114:3":7,"s:115:2:123:Infinity":25,"s:125:0:125:Infinity":26}}}
,"C:\\Users\\raven\\Desktop\\BudgetBuddy\\client\\src\\components\\ui\\alert.tsx": {"path":"C:\\Users\\raven\\Desktop\\BudgetBuddy\\client\\src\\components\\ui\\alert.tsx","statementMap":{"0":{"start":{"line":6,"column":6},"end":{"line":20,"column":null}},"1":{"start":{"line":22,"column":14},"end":{"line":32,"column":null}},"2":{"start":{"line":26,"column":2},"end":{"line":31,"column":null}},"3":{"start":{"line":33,"column":0},"end":{"line":33,"column":null}},"4":{"start":{"line":35,"column":19},"end":{"line":44,"column":null}},"5":{"start":{"line":39,"column":2},"end":{"line":43,"column":null}},"6":{"start":{"line":45,"column":0},"end":{"line":45,"column":null}},"7":{"start":{"line":47,"column":25},"end":{"line":56,"column":null}},"8":{"start":{"line":51,"column":2},"end":{"line":55,"column":null}},"9":{"start":{"line":57,"column":0},"end":{"line":57,"column":null}}},"fnMap":{"0":{"name":"(anonymous_0)","decl":{"start":{"line":25,"column":2},"end":{"line":25,"column":3}},"loc":{"start":{"line":26,"column":2},"end":{"line":31,"column":null}},"line":26},"1":{"name":"(anonymous_1)","decl":{"start":{"line":38,"column":2},"end":{"line":38,"column":3}},"loc":{"start":{"line":39,"column":2},"end":{"line":43,"column":null}},"line":39},"2":{"name":"(anonymous_2)","decl":{"start":{"line":50,"column":2},"end":{"line":50,"column":3}},"loc":{"start":{"line":51,"column":2},"end":{"line":55,"column":null}},"line":51}},"branchMap":{},"s":{"0":0,"1":0,"2":0,"3":0,"4":0,"5":0,"6":0,"7":0,"8":0,"9":0},"f":{"0":0,"1":0,"2":0},"b":{},"meta":{"lastBranch":0,"lastFunction":3,"lastStatement":10,"seen":{"s:6:6:20:Infinity":0,"s:22:14:32:Infinity":1,"f:25:2:25:3":0,"s:26:2:31:Infinity":2,"s:33:0:33:Infinity":3,"s:35:19:44:Infinity":4,"f:38:2:38:3":1,"s:39:2:43:Infinity":5,"s:45:0:45:Infinity":6,"s:47:25:56:Infinity":7,"f:50:2:50:3":2,"s:51:2:55:Infinity":8,"s:57:0:57:Infinity":9}}}
,"C:\\Users\\raven\\Desktop\\BudgetBuddy\\client\\src\\components\\ui\\aspect-ratio.tsx": {"path":"C:\\Users\\raven\\Desktop\\BudgetBuddy\\client\\src\\components\\ui\\aspect-ratio.tsx","statementMap":{"0":{"start":{"line":3,"column":20},"end":{"line":3,"column":null}}},"fnMap":{},"branchMap":{},"s":{"0":0},"f":{},"b":{},"meta":{"lastBranch":0,"lastFunction":0,"lastStatement":1,"seen":{"s:3:20:3:Infinity":0}}}
,"C:\\Users\\raven\\Desktop\\BudgetBuddy\\client\\src\\components\\ui\\avatar.tsx": {"path":"C:\\Users\\raven\\Desktop\\BudgetBuddy\\client\\src\\components\\ui\\avatar.tsx","statementMap":{"0":{"start":{"line":8,"column":15},"end":{"line":21,"column":null}},"1":{"start":{"line":12,"column":2},"end":{"line":20,"column":null}},"2":{"start":{"line":22,"column":0},"end":{"line":22,"column":null}},"3":{"start":{"line":24,"column":20},"end":{"line":33,"column":null}},"4":{"start":{"line":28,"column":2},"end":{"line":32,"column":null}},"5":{"start":{"line":34,"column":0},"end":{"line":34,"column":null}},"6":{"start":{"line":36,"column":23},"end":{"line":48,"column":null}},"7":{"start":{"line":40,"column":2},"end":{"line":47,"column":null}},"8":{"start":{"line":49,"column":0},"end":{"line":49,"column":null}}},"fnMap":{"0":{"name":"(anonymous_0)","decl":{"start":{"line":11,"column":2},"end":{"line":11,"column":3}},"loc":{"start":{"line":12,"column":2},"end":{"line":20,"column":null}},"line":12},"1":{"name":"(anonymous_1)","decl":{"start":{"line":27,"column":2},"end":{"line":27,"column":3}},"loc":{"start":{"line":28,"column":2},"end":{"line":32,"column":null}},"line":28},"2":{"name":"(anonymous_2)","decl":{"start":{"line":39,"column":2},"end":{"line":39,"column":3}},"loc":{"start":{"line":40,"column":2},"end":{"line":47,"column":null}},"line":40}},"branchMap":{},"s":{"0":0,"1":0,"2":0,"3":0,"4":0,"5":0,"6":0,"7":0,"8":0},"f":{"0":0,"1":0,"2":0},"b":{},"meta":{"lastBranch":0,"lastFunction":3,"lastStatement":9,"seen":{"s:8:15:21:Infinity":0,"f:11:2:11:3":0,"s:12:2:20:Infinity":1,"s:22:0:22:Infinity":2,"s:24:20:33:Infinity":3,"f:27:2:27:3":1,"s:28:2:32:Infinity":4,"s:34:0:34:Infinity":5,"s:36:23:48:Infinity":6,"f:39:2:39:3":2,"s:40:2:47:Infinity":7,"s:49:0:49:Infinity":8}}}
,"C:\\Users\\raven\\Desktop\\BudgetBuddy\\client\\src\\components\\ui\\badge.tsx": {"path":"C:\\Users\\raven\\Desktop\\BudgetBuddy\\client\\src\\components\\ui\\badge.tsx","statementMap":{"0":{"start":{"line":6,"column":6},"end":{"line":26,"column":null}},"1":{"start":{"line":33,"column":2},"end":{"line":34,"column":null}}},"fnMap":{"0":{"name":"Badge","decl":{"start":{"line":32,"column":9},"end":{"line":32,"column":15}},"loc":{"start":{"line":32,"column":61},"end":{"line":36,"column":null}},"line":32}},"branchMap":{},"s":{"0":0,"1":0},"f":{"0":0},"b":{},"meta":{"lastBranch":0,"lastFunction":1,"lastStatement":2,"seen":{"s:6:6:26:Infinity":0,"f:32:9:32:15":0,"s:33:2:34:Infinity":1}}}
,"C:\\Users\\raven\\Desktop\\BudgetBuddy\\client\\src\\components\\ui\\breadcrumb.tsx": {"path":"C:\\Users\\raven\\Desktop\\BudgetBuddy\\client\\src\\components\\ui\\breadcrumb.tsx","statementMap":{"0":{"start":{"line":7,"column":19},"end":{"line":12,"column":null}},"1":{"start":{"line":12,"column":25},"end":{"line":12,"column":77}},"2":{"start":{"line":13,"column":0},"end":{"line":13,"column":null}},"3":{"start":{"line":15,"column":23},"end":{"line":27,"column":null}},"4":{"start":{"line":19,"column":2},"end":{"line":26,"column":null}},"5":{"start":{"line":28,"column":0},"end":{"line":28,"column":null}},"6":{"start":{"line":30,"column":23},"end":{"line":39,"column":null}},"7":{"start":{"line":34,"column":2},"end":{"line":38,"column":null}},"8":{"start":{"line":40,"column":0},"end":{"line":40,"column":null}},"9":{"start":{"line":42,"column":23},"end":{"line":57,"column":null}},"10":{"start":{"line":48,"column":15},"end":{"line":48,"column":null}},"11":{"start":{"line":50,"column":2},"end":{"line":55,"column":null}},"12":{"start":{"line":58,"column":0},"end":{"line":58,"column":null}},"13":{"start":{"line":60,"column":23},"end":{"line":72,"column":null}},"14":{"start":{"line":64,"column":2},"end":{"line":71,"column":null}},"15":{"start":{"line":73,"column":0},"end":{"line":73,"column":null}},"16":{"start":{"line":75,"column":28},"end":{"line":87,"column":null}},"17":{"start":{"line":80,"column":2},"end":{"line":87,"column":null}},"18":{"start":{"line":89,"column":0},"end":{"line":89,"column":null}},"19":{"start":{"line":91,"column":27},"end":{"line":103,"column":null}},"20":{"start":{"line":95,"column":2},"end":{"line":103,"column":null}},"21":{"start":{"line":105,"column":0},"end":{"line":105,"column":null}}},"fnMap":{"0":{"name":"(anonymous_0)","decl":{"start":{"line":12,"column":2},"end":{"line":12,"column":3}},"loc":{"start":{"line":12,"column":25},"end":{"line":12,"column":77}},"line":12},"1":{"name":"(anonymous_1)","decl":{"start":{"line":18,"column":2},"end":{"line":18,"column":3}},"loc":{"start":{"line":19,"column":2},"end":{"line":26,"column":null}},"line":19},"2":{"name":"(anonymous_2)","decl":{"start":{"line":33,"column":2},"end":{"line":33,"column":3}},"loc":{"start":{"line":34,"column":2},"end":{"line":38,"column":null}},"line":34},"3":{"name":"(anonymous_3)","decl":{"start":{"line":47,"column":2},"end":{"line":47,"column":3}},"loc":{"start":{"line":47,"column":45},"end":{"line":57,"column":1}},"line":47},"4":{"name":"(anonymous_4)","decl":{"start":{"line":63,"column":2},"end":{"line":63,"column":3}},"loc":{"start":{"line":64,"column":2},"end":{"line":71,"column":null}},"line":64},"5":{"name":"(anonymous_5)","decl":{"start":{"line":75,"column":28},"end":{"line":75,"column":29}},"loc":{"start":{"line":80,"column":2},"end":{"line":87,"column":null}},"line":80},"6":{"name":"(anonymous_6)","decl":{"start":{"line":91,"column":27},"end":{"line":91,"column":28}},"loc":{"start":{"line":95,"column":2},"end":{"line":103,"column":null}},"line":95}},"branchMap":{"0":{"loc":{"start":{"line":48,"column":15},"end":{"line":48,"column":null}},"type":"cond-expr","locations":[{"start":{"line":48,"column":25},"end":{"line":48,"column":32}},{"start":{"line":48,"column":32},"end":{"line":48,"column":null}}],"line":48},"1":{"loc":{"start":{"line":86,"column":5},"end":{"line":86,"column":null}},"type":"binary-expr","locations":[{"start":{"line":86,"column":5},"end":{"line":86,"column":17}},{"start":{"line":86,"column":17},"end":{"line":86,"column":null}}],"line":86}},"s":{"0":0,"1":0,"2":0,"3":0,"4":0,"5":0,"6":0,"7":0,"8":0,"9":0,"10":0,"11":0,"12":0,"13":0,"14":0,"15":0,"16":0,"17":0,"18":0,"19":0,"20":0,"21":0},"f":{"0":0,"1":0,"2":0,"3":0,"4":0,"5":0,"6":0},"b":{"0":[0,0],"1":[0,0]},"meta":{"lastBranch":2,"lastFunction":7,"lastStatement":22,"seen":{"s:7:19:12:Infinity":0,"f:12:2:12:3":0,"s:12:25:12:77":1,"s:13:0:13:Infinity":2,"s:15:23:27:Infinity":3,"f:18:2:18:3":1,"s:19:2:26:Infinity":4,"s:28:0:28:Infinity":5,"s:30:23:39:Infinity":6,"f:33:2:33:3":2,"s:34:2:38:Infinity":7,"s:40:0:40:Infinity":8,"s:42:23:57:Infinity":9,"f:47:2:47:3":3,"s:48:15:48:Infinity":10,"b:48:25:48:32:48:32:48:Infinity":0,"s:50:2:55:Infinity":11,"s:58:0:58:Infinity":12,"s:60:23:72:Infinity":13,"f:63:2:63:3":4,"s:64:2:71:Infinity":14,"s:73:0:73:Infinity":15,"s:75:28:87:Infinity":16,"f:75:28:75:29":5,"s:80:2:87:Infinity":17,"b:86:5:86:17:86:17:86:Infinity":1,"s:89:0:89:Infinity":18,"s:91:27:103:Infinity":19,"f:91:27:91:28":6,"s:95:2:103:Infinity":20,"s:105:0:105:Infinity":21}}}
,"C:\\Users\\raven\\Desktop\\BudgetBuddy\\client\\src\\components\\ui\\button.tsx": {"path":"C:\\Users\\raven\\Desktop\\BudgetBuddy\\client\\src\\components\\ui\\button.tsx","statementMap":{"0":{"start":{"line":7,"column":6},"end":{"line":40,"column":null}},"1":{"start":{"line":48,"column":15},"end":{"line":59,"column":null}},"2":{"start":{"line":50,"column":17},"end":{"line":50,"column":null}},"3":{"start":{"line":51,"column":4},"end":{"line":56,"column":null}},"4":{"start":{"line":60,"column":0},"end":{"line":60,"column":null}}},"fnMap":{"0":{"name":"(anonymous_0)","decl":{"start":{"line":49,"column":2},"end":{"line":49,"column":3}},"loc":{"start":{"line":49,"column":68},"end":{"line":58,"column":null}},"line":49}},"branchMap":{"0":{"loc":{"start":{"line":49,"column":31},"end":{"line":49,"column":48}},"type":"default-arg","locations":[{"start":{"line":49,"column":41},"end":{"line":49,"column":48}}],"line":49},"1":{"loc":{"start":{"line":50,"column":17},"end":{"line":50,"column":null}},"type":"cond-expr","locations":[{"start":{"line":50,"column":27},"end":{"line":50,"column":34}},{"start":{"line":50,"column":34},"end":{"line":50,"column":null}}],"line":50}},"s":{"0":0,"1":0,"2":0,"3":0,"4":0},"f":{"0":0},"b":{"0":[0],"1":[0,0]},"meta":{"lastBranch":2,"lastFunction":1,"lastStatement":5,"seen":{"s:7:6:40:Infinity":0,"s:48:15:59:Infinity":1,"f:49:2:49:3":0,"b:49:41:49:48":0,"s:50:17:50:Infinity":2,"b:50:27:50:34:50:34:50:Infinity":1,"s:51:4:56:Infinity":3,"s:60:0:60:Infinity":4}}}
,"C:\\Users\\raven\\Desktop\\BudgetBuddy\\client\\src\\components\\ui\\calendar.tsx": {"path":"C:\\Users\\raven\\Desktop\\BudgetBuddy\\client\\src\\components\\ui\\calendar.tsx","statementMap":{"0":{"start":{"line":16,"column":2},"end":{"line":63,"column":null}},"1":{"start":{"line":56,"column":10},"end":{"line":56,"column":null}},"2":{"start":{"line":59,"column":10},"end":{"line":59,"column":null}},"3":{"start":{"line":66,"column":0},"end":{"line":66,"column":null}}},"fnMap":{"0":{"name":"Calendar","decl":{"start":{"line":10,"column":9},"end":{"line":10,"column":18}},"loc":{"start":{"line":15,"column":18},"end":{"line":65,"column":null}},"line":15},"1":{"name":"(anonymous_1)","decl":{"start":{"line":55,"column":18},"end":{"line":55,"column":19}},"loc":{"start":{"line":56,"column":10},"end":{"line":56,"column":null}},"line":56},"2":{"name":"(anonymous_2)","decl":{"start":{"line":58,"column":19},"end":{"line":58,"column":20}},"loc":{"start":{"line":59,"column":10},"end":{"line":59,"column":null}},"line":59}},"branchMap":{"0":{"loc":{"start":{"line":13,"column":2},"end":{"line":13,"column":null}},"type":"default-arg","locations":[{"start":{"line":13,"column":20},"end":{"line":13,"column":null}}],"line":13}},"s":{"0":0,"1":0,"2":0,"3":0},"f":{"0":0,"1":0,"2":0},"b":{"0":[0]},"meta":{"lastBranch":1,"lastFunction":3,"lastStatement":4,"seen":{"f:10:9:10:18":0,"b:13:20:13:Infinity":0,"s:16:2:63:Infinity":0,"f:55:18:55:19":1,"s:56:10:56:Infinity":1,"f:58:19:58:20":2,"s:59:10:59:Infinity":2,"s:66:0:66:Infinity":3}}}
,"C:\\Users\\raven\\Desktop\\BudgetBuddy\\client\\src\\components\\ui\\card.tsx": {"path":"C:\\Users\\raven\\Desktop\\BudgetBuddy\\client\\src\\components\\ui\\card.tsx","statementMap":{"0":{"start":{"line":5,"column":13},"end":{"line":17,"column":null}},"1":{"start":{"line":9,"column":2},"end":{"line":16,"column":null}},"2":{"start":{"line":18,"column":0},"end":{"line":18,"column":null}},"3":{"start":{"line":20,"column":19},"end":{"line":29,"column":null}},"4":{"start":{"line":24,"column":2},"end":{"line":28,"column":null}},"5":{"start":{"line":30,"column":0},"end":{"line":30,"column":null}},"6":{"start":{"line":32,"column":18},"end":{"line":44,"column":null}},"7":{"start":{"line":36,"column":2},"end":{"line":43,"column":null}},"8":{"start":{"line":45,"column":0},"end":{"line":45,"column":null}},"9":{"start":{"line":47,"column":24},"end":{"line":56,"column":null}},"10":{"start":{"line":51,"column":2},"end":{"line":55,"column":null}},"11":{"start":{"line":57,"column":0},"end":{"line":57,"column":null}},"12":{"start":{"line":59,"column":20},"end":{"line":64,"column":null}},"13":{"start":{"line":63,"column":2},"end":{"line":63,"column":null}},"14":{"start":{"line":65,"column":0},"end":{"line":65,"column":null}},"15":{"start":{"line":67,"column":19},"end":{"line":76,"column":null}},"16":{"start":{"line":71,"column":2},"end":{"line":75,"column":null}},"17":{"start":{"line":77,"column":0},"end":{"line":77,"column":null}}},"fnMap":{"0":{"name":"(anonymous_0)","decl":{"start":{"line":8,"column":2},"end":{"line":8,"column":3}},"loc":{"start":{"line":9,"column":2},"end":{"line":16,"column":null}},"line":9},"1":{"name":"(anonymous_1)","decl":{"start":{"line":23,"column":2},"end":{"line":23,"column":3}},"loc":{"start":{"line":24,"column":2},"end":{"line":28,"column":null}},"line":24},"2":{"name":"(anonymous_2)","decl":{"start":{"line":35,"column":2},"end":{"line":35,"column":3}},"loc":{"start":{"line":36,"column":2},"end":{"line":43,"column":null}},"line":36},"3":{"name":"(anonymous_3)","decl":{"start":{"line":50,"column":2},"end":{"line":50,"column":3}},"loc":{"start":{"line":51,"column":2},"end":{"line":55,"column":null}},"line":51},"4":{"name":"(anonymous_4)","decl":{"start":{"line":62,"column":2},"end":{"line":62,"column":3}},"loc":{"start":{"line":63,"column":2},"end":{"line":63,"column":null}},"line":63},"5":{"name":"(anonymous_5)","decl":{"start":{"line":70,"column":2},"end":{"line":70,"column":3}},"loc":{"start":{"line":71,"column":2},"end":{"line":75,"column":null}},"line":71}},"branchMap":{},"s":{"0":1,"1":1,"2":1,"3":1,"4":0,"5":1,"6":1,"7":0,"8":1,"9":1,"10":0,"11":1,"12":1,"13":0,"14":1,"15":1,"16":0,"17":1},"f":{"0":1,"1":0,"2":0,"3":0,"4":0,"5":0},"b":{},"meta":{"lastBranch":0,"lastFunction":6,"lastStatement":18,"seen":{"s:5:13:17:Infinity":0,"f:8:2:8:3":0,"s:9:2:16:Infinity":1,"s:18:0:18:Infinity":2,"s:20:19:29:Infinity":3,"f:23:2:23:3":1,"s:24:2:28:Infinity":4,"s:30:0:30:Infinity":5,"s:32:18:44:Infinity":6,"f:35:2:35:3":2,"s:36:2:43:Infinity":7,"s:45:0:45:Infinity":8,"s:47:24:56:Infinity":9,"f:50:2:50:3":3,"s:51:2:55:Infinity":10,"s:57:0:57:Infinity":11,"s:59:20:64:Infinity":12,"f:62:2:62:3":4,"s:63:2:63:Infinity":13,"s:65:0:65:Infinity":14,"s:67:19:76:Infinity":15,"f:70:2:70:3":5,"s:71:2:75:Infinity":16,"s:77:0:77:Infinity":17}}}
,"C:\\Users\\raven\\Desktop\\BudgetBuddy\\client\\src\\components\\ui\\carousel.tsx": {"path":"C:\\Users\\raven\\Desktop\\BudgetBuddy\\client\\src\\components\\ui\\carousel.tsx","statementMap":{"0":{"start":{"line":31,"column":24},"end":{"line":31,"column":null}},"1":{"start":{"line":34,"column":18},"end":{"line":34,"column":null}},"2":{"start":{"line":36,"column":2},"end":{"line":38,"column":null}},"3":{"start":{"line":37,"column":4},"end":{"line":37,"column":null}},"4":{"start":{"line":40,"column":2},"end":{"line":40,"column":null}},"5":{"start":{"line":43,"column":17},"end":{"line":148,"column":null}},"6":{"start":{"line":59,"column":27},"end":{"line":65,"column":null}},"7":{"start":{"line":66,"column":46},"end":{"line":66,"column":null}},"8":{"start":{"line":67,"column":46},"end":{"line":67,"column":null}},"9":{"start":{"line":69,"column":21},"end":{"line":76,"column":null}},"10":{"start":{"line":70,"column":6},"end":{"line":72,"column":null}},"11":{"start":{"line":71,"column":8},"end":{"line":71,"column":null}},"12":{"start":{"line":74,"column":6},"end":{"line":74,"column":null}},"13":{"start":{"line":75,"column":6},"end":{"line":75,"column":null}},"14":{"start":{"line":78,"column":23},"end":{"line":80,"column":null}},"15":{"start":{"line":79,"column":6},"end":{"line":79,"column":null}},"16":{"start":{"line":82,"column":23},"end":{"line":84,"column":null}},"17":{"start":{"line":83,"column":6},"end":{"line":83,"column":null}},"18":{"start":{"line":86,"column":26},"end":{"line":97,"column":null}},"19":{"start":{"line":88,"column":8},"end":{"line":94,"column":null}},"20":{"start":{"line":89,"column":10},"end":{"line":89,"column":null}},"21":{"start":{"line":90,"column":10},"end":{"line":90,"column":null}},"22":{"start":{"line":91,"column":8},"end":{"line":94,"column":null}},"23":{"start":{"line":92,"column":10},"end":{"line":92,"column":null}},"24":{"start":{"line":93,"column":10},"end":{"line":93,"column":null}},"25":{"start":{"line":99,"column":4},"end":{"line":105,"column":null}},"26":{"start":{"line":100,"column":6},"end":{"line":102,"column":null}},"27":{"start":{"line":101,"column":8},"end":{"line":101,"column":null}},"28":{"start":{"line":104,"column":6},"end":{"line":104,"column":null}},"29":{"start":{"line":107,"column":4},"end":{"line":119,"column":null}},"30":{"start":{"line":108,"column":6},"end":{"line":110,"column":null}},"31":{"start":{"line":109,"column":8},"end":{"line":109,"column":null}},"32":{"start":{"line":112,"column":6},"end":{"line":112,"column":null}},"33":{"start":{"line":113,"column":6},"end":{"line":113,"column":null}},"34":{"start":{"line":114,"column":6},"end":{"line":114,"column":null}},"35":{"start":{"line":116,"column":6},"end":{"line":118,"column":null}},"36":{"start":{"line":117,"column":8},"end":{"line":117,"column":null}},"37":{"start":{"line":121,"column":4},"end":{"line":145,"column":null}},"38":{"start":{"line":149,"column":0},"end":{"line":149,"column":null}},"39":{"start":{"line":151,"column":24},"end":{"line":170,"column":null}},"40":{"start":{"line":155,"column":39},"end":{"line":155,"column":null}},"41":{"start":{"line":157,"column":2},"end":{"line":168,"column":null}},"42":{"start":{"line":171,"column":0},"end":{"line":171,"column":null}},"43":{"start":{"line":173,"column":21},"end":{"line":192,"column":null}},"44":{"start":{"line":177,"column":26},"end":{"line":177,"column":null}},"45":{"start":{"line":179,"column":2},"end":{"line":190,"column":null}},"46":{"start":{"line":193,"column":0},"end":{"line":193,"column":null}},"47":{"start":{"line":195,"column":25},"end":{"line":221,"column":null}},"48":{"start":{"line":199,"column":53},"end":{"line":199,"column":null}},"49":{"start":{"line":201,"column":2},"end":{"line":219,"column":null}},"50":{"start":{"line":222,"column":0},"end":{"line":222,"column":null}},"51":{"start":{"line":224,"column":21},"end":{"line":250,"column":null}},"52":{"start":{"line":228,"column":53},"end":{"line":228,"column":null}},"53":{"start":{"line":230,"column":2},"end":{"line":248,"column":null}},"54":{"start":{"line":251,"column":0},"end":{"line":251,"column":null}}},"fnMap":{"0":{"name":"useCarousel","decl":{"start":{"line":33,"column":9},"end":{"line":33,"column":23}},"loc":{"start":{"line":33,"column":23},"end":{"line":41,"column":null}},"line":33},"1":{"name":"(anonymous_1)","decl":{"start":{"line":47,"column":2},"end":{"line":47,"column":null}},"loc":{"start":{"line":58,"column":7},"end":{"line":147,"column":null}},"line":58},"2":{"name":"(anonymous_2)","decl":{"start":{"line":69,"column":39},"end":{"line":69,"column":40}},"loc":{"start":{"line":69,"column":61},"end":{"line":76,"column":7}},"line":69},"3":{"name":"(anonymous_3)","decl":{"start":{"line":78,"column":41},"end":{"line":78,"column":47}},"loc":{"start":{"line":78,"column":47},"end":{"line":80,"column":7}},"line":78},"4":{"name":"(anonymous_4)","decl":{"start":{"line":82,"column":41},"end":{"line":82,"column":47}},"loc":{"start":{"line":82,"column":47},"end":{"line":84,"column":7}},"line":82},"5":{"name":"(anonymous_5)","decl":{"start":{"line":87,"column":6},"end":{"line":87,"column":7}},"loc":{"start":{"line":87,"column":54},"end":{"line":95,"column":null}},"line":87},"6":{"name":"(anonymous_6)","decl":{"start":{"line":99,"column":20},"end":{"line":99,"column":26}},"loc":{"start":{"line":99,"column":26},"end":{"line":105,"column":7}},"line":99},"7":{"name":"(anonymous_7)","decl":{"start":{"line":107,"column":20},"end":{"line":107,"column":26}},"loc":{"start":{"line":107,"column":26},"end":{"line":119,"column":7}},"line":107},"8":{"name":"(anonymous_8)","decl":{"start":{"line":116,"column":13},"end":{"line":116,"column":19}},"loc":{"start":{"line":116,"column":19},"end":{"line":118,"column":null}},"line":116},"9":{"name":"(anonymous_9)","decl":{"start":{"line":154,"column":2},"end":{"line":154,"column":3}},"loc":{"start":{"line":154,"column":36},"end":{"line":170,"column":1}},"line":154},"10":{"name":"(anonymous_10)","decl":{"start":{"line":176,"column":2},"end":{"line":176,"column":3}},"loc":{"start":{"line":176,"column":36},"end":{"line":192,"column":1}},"line":176},"11":{"name":"(anonymous_11)","decl":{"start":{"line":198,"column":2},"end":{"line":198,"column":3}},"loc":{"start":{"line":198,"column":72},"end":{"line":221,"column":1}},"line":198},"12":{"name":"(anonymous_12)","decl":{"start":{"line":227,"column":2},"end":{"line":227,"column":3}},"loc":{"start":{"line":227,"column":72},"end":{"line":250,"column":1}},"line":227}},"branchMap":{"0":{"loc":{"start":{"line":36,"column":2},"end":{"line":38,"column":null}},"type":"if","locations":[{"start":{"line":36,"column":2},"end":{"line":38,"column":null}},{"start":{},"end":{}}],"line":36},"1":{"loc":{"start":{"line":49,"column":6},"end":{"line":49,"column":null}},"type":"default-arg","locations":[{"start":{"line":49,"column":20},"end":{"line":49,"column":null}}],"line":49},"2":{"loc":{"start":{"line":62,"column":14},"end":{"line":62,"column":null}},"type":"cond-expr","locations":[{"start":{"line":62,"column":45},"end":{"line":62,"column":51}},{"start":{"line":62,"column":51},"end":{"line":62,"column":null}}],"line":62},"3":{"loc":{"start":{"line":70,"column":6},"end":{"line":72,"column":null}},"type":"if","locations":[{"start":{"line":70,"column":6},"end":{"line":72,"column":null}},{"start":{},"end":{}}],"line":70},"4":{"loc":{"start":{"line":88,"column":8},"end":{"line":94,"column":null}},"type":"if","locations":[{"start":{"line":88,"column":8},"end":{"line":94,"column":null}},{"start":{"line":91,"column":8},"end":{"line":94,"column":null}}],"line":88},"5":{"loc":{"start":{"line":91,"column":8},"end":{"line":94,"column":null}},"type":"if","locations":[{"start":{"line":91,"column":8},"end":{"line":94,"column":null}},{"start":{},"end":{}}],"line":91},"6":{"loc":{"start":{"line":100,"column":6},"end":{"line":102,"column":null}},"type":"if","locations":[{"start":{"line":100,"column":6},"end":{"line":102,"column":null}},{"start":{},"end":{}}],"line":100},"7":{"loc":{"start":{"line":100,"column":10},"end":{"line":100,"column":27}},"type":"binary-expr","locations":[{"start":{"line":100,"column":10},"end":{"line":100,"column":18}},{"start":{"line":100,"column":18},"end":{"line":100,"column":27}}],"line":100},"8":{"loc":{"start":{"line":108,"column":6},"end":{"line":110,"column":null}},"type":"if","locations":[{"start":{"line":108,"column":6},"end":{"line":110,"column":null}},{"start":{},"end":{}}],"line":108},"9":{"loc":{"start":{"line":128,"column":12},"end":{"line":128,"column":null}},"type":"binary-expr","locations":[{"start":{"line":128,"column":12},"end":{"line":128,"column":28}},{"start":{"line":128,"column":28},"end":{"line":128,"column":null}}],"line":128},"10":{"loc":{"start":{"line":128,"column":28},"end":{"line":128,"column":null}},"type":"cond-expr","locations":[{"start":{"line":128,"column":49},"end":{"line":128,"column":62}},{"start":{"line":128,"column":62},"end":{"line":128,"column":null}}],"line":128},"11":{"loc":{"start":{"line":163,"column":10},"end":{"line":163,"column":null}},"type":"cond-expr","locations":[{"start":{"line":163,"column":41},"end":{"line":163,"column":51}},{"start":{"line":163,"column":51},"end":{"line":163,"column":null}}],"line":163},"12":{"loc":{"start":{"line":186,"column":8},"end":{"line":186,"column":null}},"type":"cond-expr","locations":[{"start":{"line":186,"column":39},"end":{"line":186,"column":48}},{"start":{"line":186,"column":48},"end":{"line":186,"column":null}}],"line":186},"13":{"loc":{"start":{"line":198,"column":16},"end":{"line":198,"column":37}},"type":"default-arg","locations":[{"start":{"line":198,"column":26},"end":{"line":198,"column":37}}],"line":198},"14":{"loc":{"start":{"line":198,"column":37},"end":{"line":198,"column":52}},"type":"default-arg","locations":[{"start":{"line":198,"column":44},"end":{"line":198,"column":52}}],"line":198},"15":{"loc":{"start":{"line":208,"column":8},"end":{"line":210,"column":null}},"type":"cond-expr","locations":[{"start":{"line":209,"column":12},"end":{"line":209,"column":null}},{"start":{"line":210,"column":12},"end":{"line":210,"column":null}}],"line":208},"16":{"loc":{"start":{"line":227,"column":16},"end":{"line":227,"column":37}},"type":"default-arg","locations":[{"start":{"line":227,"column":26},"end":{"line":227,"column":37}}],"line":227},"17":{"loc":{"start":{"line":227,"column":37},"end":{"line":227,"column":52}},"type":"default-arg","locations":[{"start":{"line":227,"column":44},"end":{"line":227,"column":52}}],"line":227},"18":{"loc":{"start":{"line":237,"column":8},"end":{"line":239,"column":null}},"type":"cond-expr","locations":[{"start":{"line":238,"column":12},"end":{"line":238,"column":null}},{"start":{"line":239,"column":12},"end":{"line":239,"column":null}}],"line":237}},"s":{"0":0,"1":0,"2":0,"3":0,"4":0,"5":0,"6":0,"7":0,"8":0,"9":0,"10":0,"11":0,"12":0,"13":0,"14":0,"15":0,"16":0,"17":0,"18":0,"19":0,"20":0,"21":0,"22":0,"23":0,"24":0,"25":0,"26":0,"27":0,"28":0,"29":0,"30":0,"31":0,"32":0,"33":0,"34":0,"35":0,"36":0,"37":0,"38":0,"39":0,"40":0,"41":0,"42":0,"43":0,"44":0,"45":0,"46":0,"47":0,"48":0,"49":0,"50":0,"51":0,"52":0,"53":0,"54":0},"f":{"0":0,"1":0,"2":0,"3":0,"4":0,"5":0,"6":0,"7":0,"8":0,"9":0,"10":0,"11":0,"12":0},"b":{"0":[0,0],"1":[0],"2":[0,0],"3":[0,0],"4":[0,0],"5":[0,0],"6":[0,0],"7":[0,0],"8":[0,0],"9":[0,0],"10":[0,0],"11":[0,0],"12":[0,0],"13":[0],"14":[0],"15":[0,0],"16":[0],"17":[0],"18":[0,0]},"meta":{"lastBranch":19,"lastFunction":13,"lastStatement":55,"seen":{"s:31:24:31:Infinity":0,"f:33:9:33:23":0,"s:34:18:34:Infinity":1,"b:36:2:38:Infinity:undefined:undefined:undefined:undefined":0,"s:36:2:38:Infinity":2,"s:37:4:37:Infinity":3,"s:40:2:40:Infinity":4,"s:43:17:148:Infinity":5,"f:47:2:47:Infini
[...]
null}},"34":{"start":{"line":79,"column":4},"end":{"line":79,"column":null}},"35":{"start":{"line":83,"column":4},"end":{"line":90,"column":null}},"36":{"start":{"line":84,"column":19},"end":{"line":84,"column":null}},"37":{"start":{"line":85,"column":6},"end":{"line":85,"column":null}},"38":{"start":{"line":86,"column":6},"end":{"line":86,"column":null}},"39":{"start":{"line":88,"column":6},"end":{"line":88,"column":null}},"40":{"start":{"line":89,"column":6},"end":{"line":89,"column":null}},"41":{"start":{"line":94,"column":20},"end":{"line":94,"column":null}},"42":{"start":{"line":95,"column":4},"end":{"line":97,"column":null}},"43":{"start":{"line":96,"column":6},"end":{"line":96,"column":null}},"44":{"start":{"line":98,"column":4},"end":{"line":98,"column":null}},"45":{"start":{"line":99,"column":4},"end":{"line":99,"column":null}},"46":{"start":{"line":103,"column":20},"end":{"line":103,"column":null}},"47":{"start":{"line":104,"column":4},"end":{"line":106,"column":null}},"48":{"start":{"line":105,"column":6},"end":{"line":105,"column":null}},"49":{"start":{"line":107,"column":4},"end":{"line":107,"column":null}},"50":{"start":{"line":113,"column":4},"end":{"line":113,"column":null}},"51":{"start":{"line":118,"column":4},"end":{"line":118,"column":null}},"52":{"start":{"line":10,"column":2},"end":{"line":7,"column":28}},"53":{"start":{"line":44,"column":2},"end":{"line":7,"column":28}},"54":{"start":{"line":78,"column":2},"end":{"line":7,"column":28}},"55":{"start":{"line":112,"column":2},"end":{"line":7,"column":28}},"56":{"start":{"line":117,"column":2},"end":{"line":7,"column":28}},"57":{"start":{"line":7,"column":7},"end":{"line":7,"column":28}},"58":{"start":{"line":122,"column":30},"end":{"line":122,"column":null}}},"fnMap":{"0":{"name":"(anonymous_0)","decl":{"start":{"line":7,"column":7},"end":{"line":7,"column":13}},"loc":{"start":{"line":7,"column":7},"end":{"line":7,"column":13}},"line":7},"1":{"name":"(anonymous_1)","decl":{"start":{"line":10,"column":8},"end":{"line":10,"column":28}},"loc":{"start":{"line":10,"column":68},"end":{"line":12,"column":null}},"line":10},"2":{"name":"(anonymous_2)","decl":{"start":{"line":14,"column":8},"end":{"line":14,"column":26}},"loc":{"start":{"line":14,"column":73},"end":{"line":23,"column":null}},"line":14},"3":{"name":"(anonymous_3)","decl":{"start":{"line":25,"column":8},"end":{"line":25,"column":26}},"loc":{"start":{"line":25,"column":94},"end":{"line":32,"column":null}},"line":25},"4":{"name":"(anonymous_4)","decl":{"start":{"line":34,"column":8},"end":{"line":34,"column":26}},"loc":{"start":{"line":34,"column":69},"end":{"line":40,"column":null}},"line":34},"5":{"name":"(anonymous_5)","decl":{"start":{"line":44,"column":8},"end":{"line":44,"column":23}},"loc":{"start":{"line":44,"column":58},"end":{"line":46,"column":null}},"line":44},"6":{"name":"(anonymous_6)","decl":{"start":{"line":48,"column":8},"end":{"line":48,"column":21}},"loc":{"start":{"line":48,"column":58},"end":{"line":57,"column":null}},"line":48},"7":{"name":"(anonymous_7)","decl":{"start":{"line":59,"column":8},"end":{"line":59,"column":21}},"loc":{"start":{"line":59,"column":79},"end":{"line":66,"column":null}},"line":59},"8":{"name":"(anonymous_8)","decl":{"start":{"line":68,"column":8},"end":{"line":68,"column":21}},"loc":{"start":{"line":68,"column":64},"end":{"line":74,"column":null}},"line":68},"9":{"name":"(anonymous_9)","decl":{"start":{"line":78,"column":8},"end":{"line":78,"column":21}},"loc":{"start":{"line":78,"column":54},"end":{"line":80,"column":null}},"line":78},"10":{"name":"(anonymous_10)","decl":{"start":{"line":82,"column":8},"end":{"line":82,"column":19}},"loc":{"start":{"line":82,"column":52},"end":{"line":91,"column":null}},"line":82},"11":{"name":"(anonymous_11)","decl":{"start":{"line":93,"column":8},"end":{"line":93,"column":19}},"loc":{"start":{"line":93,"column":73},"end":{"line":100,"column":null}},"line":93},"12":{"name":"(anonymous_12)","decl":{"start":{"line":102,"column":8},"end":{"line":102,"column":19}},"loc":{"start":{"line":102,"column":62},"end":{"line":108,"column":null}},"line":102},"13":{"name":"(anonymous_13)","decl":{"start":{"line":112,"column":8},"end":{"line":112,"column":27}},"loc":{"start":{"line":112,"column":43},"end":{"line":114,"column":null}},"line":112},"14":{"name":"(anonymous_14)","decl":{"start":{"line":117,"column":8},"end":{"line":117,"column":18}},"loc":{"start":{"line":117,"column":91},"end":{"line":119,"column":null}},"line":117}},"branchMap":{"0":{"loc":{"start":{"line":27,"column":4},"end":{"line":29,"column":null}},"type":"if","locations":[{"start":{"line":27,"column":4},"end":{"line":29,"column":null}},{"start":{},"end":{}}],"line":27},"1":{"loc":{"start":{"line":36,"column":4},"end":{"line":38,"column":null}},"type":"if","locations":[{"start":{"line":36,"column":4},"end":{"line":38,"column":null}},{"start":{},"end":{}}],"line":36},"2":{"loc":{"start":{"line":61,"column":4},"end":{"line":63,"column":null}},"type":"if","locations":[{"start":{"line":61,"column":4},"end":{"line":63,"column":null}},{"start":{},"end":{}}],"line":61},"3":{"loc":{"start":{"line":70,"column":4},"end":{"line":72,"column":null}},"type":"if","locations":[{"start":{"line":70,"column":4},"end":{"line":72,"column":null}},{"start":{},"end":{}}],"line":70},"4":{"loc":{"start":{"line":95,"column":4},"end":{"line":97,"column":null}},"type":"if","locations":[{"start":{"line":95,"column":4},"end":{"line":97,"column":null}},{"start":{},"end":{}}],"line":95},"5":{"loc":{"start":{"line":104,"column":4},"end":{"line":106,"column":null}},"type":"if","locations":[{"start":{"line":104,"column":4},"end":{"line":106,"column":null}},{"start":{},"end":{}}],"line":104}},"s":{"0":1,"1":1,"2":0,"3":0,"4":0,"5":0,"6":0,"7":0,"8":0,"9":0,"10":0,"11":0,"12":0,"13":0,"14":0,"15":0,"16":0,"17":0,"18":0,"19":0,"20":0,"21":0,"22":0,"23":0,"24":0,"25":0,"26":0,"27":0,"28":0,"29":0,"30":0,"31":0,"32":0,"33":0,"34":0,"35":0,"36":0,"37":0,"38":0,"39":0,"40":0,"41":0,"42":0,"43":0,"44":0,"45":0,"46":0,"47":0,"48":0,"49":0,"50":1,"51":1,"52":1,"53":1,"54":1,"55":1,"56":1,"57":1,"58":1},"f":{"0":1,"1":0,"2":0,"3":0,"4":0,"5":0,"6":0,"7":0,"8":0,"9":0,"10":0,"11":0,"12":0,"13":1,"14":1},"b":{"0":[0,0],"1":[0,0],"2":[0,0],"3":[0,0],"4":[0,0],"5":[0,0]},"meta":{"lastBranch":6,"lastFunction":15,"lastStatement":59,"seen":{"s:9:2:116:Infinity":0,"f:7:7:7:13":0,"s:7:7:7:13":1,"f:10:8:10:28":1,"s:11:4:11:Infinity":2,"f:14:8:14:26":2,"s:15:4:22:Infinity":3,"s:16:26:16:Infinity":4,"s:17:6:17:Infinity":5,"s:18:6:18:Infinity":6,"s:20:6:20:Infinity":7,"s:21:6:21:Infinity":8,"f:25:8:25:26":3,"s:26:20:26:Infinity":9,"b:27:4:29:Infinity:undefined:undefined:undefined:undefined":0,"s:27:4:29:Infinity":10,"s:28:6:28:Infinity":11,"s:30:4:30:Infinity":12,"s:31:4:31:Infinity":13,"f:34:8:34:26":4,"s:35:20:35:Infinity":14,"b:36:4:38:Infinity:undefined:undefined:undefined:undefined":1,"s:36:4:38:Infinity":15,"s:37:6:37:Infinity":16,"s:39:4:39:Infinity":17,"f:44:8:44:23":5,"s:45:4:45:Infinity":18,"f:48:8:48:21":6,"s:49:4:56:Infinity":19,"s:50:21:50:Infinity":20,"s:51:6:51:Infinity":21,"s:52:6:52:Infinity":22,"s:54:6:54:Infinity":23,"s:55:6:55:Infinity":24,"f:59:8:59:21":7,"s:60:20:60:Infinity":25,"b:61:4:63:Infinity:undefined:undefined:undefined:undefined":2,"s:61:4:63:Infinity":26,"s:62:6:62:Infinity":27,"s:64:4:64:Infinity":28,"s:65:4:65:Infinity":29,"f:68:8:68:21":8,"s:69:20:69:Infinity":30,"b:70:4:72:Infinity:undefined:undefined:undefined:undefined":3,"s:70:4:72:Infinity":31,"s:71:6:71:Infinity":32,"s:73:4:73:Infinity":33,"f:78:8:78:21":9,"s:79:4:79:Infinity":34,"f:82:8:82:19":10,"s:83:4:90:Infinity":35,"s:84:19:84:Infinity":36,"s:85:6:85:Infinity":37,"s:86:6:86:Infinity":38,"s:88:6:88:Infinity":39,"s:89:6:89:Infinity":40,"f:93:8:93:19":11,"s:94:20:94:Infinity":41,"b:95:4:97:Infinity:undefined:undefined:undefined:undefined":4,"s:95:4:97:Infinity":42,"s:96:6:96:Infinity":43,"s:98:4:98:Infinity":44,"s:99:4:99:Infinity":45,"f:102:8:102:19":12,"s:103:20:103:Infinity":46,"b:104:4:106:Infinity:undefined:undefined:undefined:undefined":5,"s:104:4:106:Infinity":47,"s:105:6:105:Infinity":48,"s:107:4:107:Infinity":49,"f:112:8:112:27":13,"s:113:4:113:Infinity":50,"f:117:8:117:18":14,"s:118:4:118:Infinity":51,"s:10:2:7:28":52,"s:44:2:7:28":53,"s:78:2:7:28":54,"s:112:2:7:28":55,"s:117:2:7:28":56,"s:7:7:7:28":57,"s:122:30:122:Infinity":58}}}
,"C:\\Users\\raven\\Desktop\\BudgetBuddy\\server\\services\\observability.ts": {"path":"C:\\Users\\raven\\Desktop\\BudgetBuddy\\server\\services\\observability.ts","statementMap":{"0":{"start":{"line":7,"column":15},"end":{"line":7,"column":null}},"1":{"start":{"line":10,"column":26},"end":{"line":10,"column":null}},"2":{"start":{"line":28,"column":2},"end":{"line":28,"column":null}},"3":{"start":{"line":33,"column":4},"end":{"line":33,"column":null}},"4":{"start":{"line":33,"column":22},"end":{"line":33,"column":43}},"5":{"start":{"line":29,"column":2},"end":{"line":29,"column":null}},"6":{"start":{"line":41,"column":17},"end":{"line":41,"column":null}},"7":{"start":{"line":43,"column":4},"end":{"line":47,"column":null}},"8":{"start":{"line":49,"column":22},"end":{"line":49,"column":null}},"9":{"start":{"line":50,"column":18},"end":{"line":50,"column":null}},"10":{"start":{"line":52,"column":4},"end":{"line":74,"column":null}},"11":{"start":{"line":53,"column":21},"end":{"line":53,"column":null}},"12":{"start":{"line":54,"column":6},"end":{"line":54,"column":null}},"13":{"start":{"line":56,"column":6},"end":{"line":56,"column":null}},"14":{"start":{"line":57,"column":6},"end":{"line":60,"column":null}},"15":{"start":{"line":61,"column":6},"end":{"line":61,"column":null}},"16":{"start":{"line":63,"column":23},"end":{"line":63,"column":null}},"17":{"start":{"line":64,"column":6},"end":{"line":64,"column":null}},"18":{"start":{"line":66,"column":6},"end":{"line":73,"column":null}},"19":{"start":{"line":79,"column":4},"end":{"line":79,"column":null}},"20":{"start":{"line":84,"column":4},"end":{"line":84,"column":null}},"21":{"start":{"line":84,"column":35},"end":{"line":84,"column":null}},"22":{"start":{"line":86,"column":27},"end":{"line":86,"column":null}},"23":{"start":{"line":87,"column":4},"end":{"line":87,"column":null}},"24":{"start":{"line":89,"column":4},"end":{"line":102,"column":null}},"25":{"start":{"line":91,"column":25},"end":{"line":91,"column":null}},"26":{"start":{"line":94,"column":6},"end":{"line":94,"column":null}},"27":{"start":{"line":97,"column":6},"end":{"line":99,"column":null}},"28":{"start":{"line":98,"column":8},"end":{"line":98,"column":null}},"29":{"start":{"line":101,"column":6},"end":{"line":101,"column":null}},"30":{"start":{"line":106,"column":23},"end":{"line":113,"column":null}},"31":{"start":{"line":115,"column":4},"end":{"line":138,"column":null}},"32":{"start":{"line":116,"column":18},"end":{"line":116,"column":null}},"33":{"start":{"line":117,"column":22},"end":{"line":124,"column":null}},"34":{"start":{"line":126,"column":6},"end":{"line":126,"column":null}},"35":{"start":{"line":127,"column":6},"end":{"line":127,"column":null}},"36":{"start":{"line":128,"column":6},"end":{"line":132,"column":null}},"37":{"start":{"line":129,"column":8},"end":{"line":129,"column":null}},"38":{"start":{"line":131,"column":8},"end":{"line":131,"column":null}},"39":{"start":{"line":134,"column":6},"end":{"line":134,"column":null}},"40":{"start":{"line":135,"column":6},"end":{"line":135,"column":null}},"41":{"start":{"line":137,"column":6},"end":{"line":137,"column":null}},"42":{"start":{"line":140,"column":4},"end":{"line":140,"column":null}},"43":{"start":{"line":150,"column":4},"end":{"line":150,"column":null}},"44":{"start":{"line":155,"column":4},"end":{"line":155,"column":null}},"45":{"start":{"line":159,"column":29},"end":{"line":159,"column":null}}},"fnMap":{"0":{"name":"(anonymous_0)","decl":{"start":{"line":31,"column":2},"end":{"line":31,"column":16}},"loc":{"start":{"line":31,"column":16},"end":{"line":34,"column":null}},"line":31},"1":{"name":"(anonymous_1)","decl":{"start":{"line":33,"column":16},"end":{"line":33,"column":22}},"loc":{"start":{"line":33,"column":22},"end":{"line":33,"column":43}},"line":33},"2":{"name":"(anonymous_2)","decl":{"start":{"line":37,"column":8},"end":{"line":37,"column":null}},"loc":{"start":{"line":40,"column":16},"end":{"line":75,"column":null}},"line":40},"3":{"name":"(anonymous_3)","decl":{"start":{"line":78,"column":10},"end":{"line":78,"column":23}},"loc":{"start":{"line":78,"column":57},"end":{"line":80,"column":null}},"line":78},"4":{"name":"(anonymous_4)","decl":{"start":{"line":83,"column":16},"end":{"line":83,"column":46}},"loc":{"start":{"line":83,"column":46},"end":{"line":103,"column":null}},"line":83},"5":{"name":"(anonymous_5)","decl":{"start":{"line":105,"column":10},"end":{"line":105,"column":30}},"loc":{"start":{"line":105,"column":61},"end":{"line":141,"column":null}},"line":105},"6":{"name":"(anonymous_6)","decl":{"start":{"line":143,"column":16},"end":{"line":143,"column":40}},"loc":{"start":{"line":143,"column":72},"end":{"line":146,"column":null}},"line":143},"7":{"name":"(anonymous_7)","decl":{"start":{"line":149,"column":2},"end":{"line":149,"column":40}},"loc":{"start":{"line":149,"column":40},"end":{"line":151,"column":null}},"line":149},"8":{"name":"(anonymous_8)","decl":{"start":{"line":154,"column":2},"end":{"line":154,"column":23}},"loc":{"start":{"line":154,"column":80},"end":{"line":156,"column":null}},"line":154}},"branchMap":{"0":{"loc":{"start":{"line":45,"column":14},"end":{"line":45,"column":null}},"type":"binary-expr","locations":[{"start":{"line":45,"column":14},"end":{"line":45,"column":32}},{"start":{"line":45,"column":32},"end":{"line":45,"column":null}}],"line":45},"1":{"loc":{"start":{"line":59,"column":17},"end":{"line":59,"column":null}},"type":"cond-expr","locations":[{"start":{"line":59,"column":42},"end":{"line":59,"column":58}},{"start":{"line":59,"column":58},"end":{"line":59,"column":null}}],"line":59},"2":{"loc":{"start":{"line":84,"column":4},"end":{"line":84,"column":null}},"type":"if","locations":[{"start":{"line":84,"column":4},"end":{"line":84,"column":null}},{"start":{},"end":{}}],"line":84},"3":{"loc":{"start":{"line":97,"column":6},"end":{"line":99,"column":null}},"type":"if","locations":[{"start":{"line":97,"column":6},"end":{"line":99,"column":null}},{"start":{},"end":{}}],"line":97},"4":{"loc":{"start":{"line":117,"column":22},"end":{"line":124,"column":null}},"type":"binary-expr","locations":[{"start":{"line":117,"column":22},"end":{"line":117,"column":45}},{"start":{"line":117,"column":45},"end":{"line":124,"column":null}}],"line":117},"5":{"loc":{"start":{"line":128,"column":6},"end":{"line":132,"column":null}},"type":"if","locations":[{"start":{"line":128,"column":6},"end":{"line":132,"column":null}},{"start":{"line":130,"column":13},"end":{"line":132,"column":null}}],"line":128}},"s":{"0":0,"1":0,"2":0,"3":0,"4":0,"5":0,"6":0,"7":0,"8":0,"9":0,"10":0,"11":0,"12":0,"13":0,"14":0,"15":0,"16":0,"17":0,"18":0,"19":0,"20":0,"21":0,"22":0,"23":0,"24":0,"25":0,"26":0,"27":0,"28":0,"29":0,"30":0,"31":0,"32":0,"33":0,"34":0,"35":0,"36":0,"37":0,"38":0,"39":0,"40":0,"41":0,"42":0,"43":0,"44":0,"45":0},"f":{"0":0,"1":0,"2":0,"3":0,"4":0,"5":0,"6":0,"7":0,"8":0},"b":{"0":[0,0],"1":[0,0],"2":[0,0],"3":[0,0],"4":[0,0],"5":[0,0]},"meta":{"lastBranch":6,"lastFunction":9,"lastStatement":46,"seen":{"s:7:15:7:Infinity":0,"s:10:26:10:Infinity":1,"f:31:2:31:16":0,"s:28:2:28:Infinity":2,"s:33:4:33:Infinity":3,"f:33:16:33:22":1,"s:33:22:33:43":4,"s:29:2:29:Infinity":5,"f:37:8:37:Infinity":2,"s:41:17:41:Infinity":6,"s:43:4:47:Infinity":7,"b:45:14:45:32:45:32:45:Infinity":0,"s:49:22:49:Infinity":8,"s:50:18:50:Infinity":9,"s:52:4:74:Infinity":10,"s:53:21:53:Infinity":11,"s:54:6:54:Infinity":12,"s:56:6:56:Infinity":13,"s:57:6:60:Infinity":14,"b:59:42:59:58:59:58:59:Infinity":1,"s:61:6:61:Infinity":15,"s:63:23:63:Infinity":16,"s:64:6:64:Infinity":17,"s:66:6:73:Infinity":18,"f:78:10:78:23":3,"s:79:4:79:Infinity":19,"f:83:16:83:46":4,"b:84:4:84:Infinity:undefined:undefined:undefined:undefined":2,"s:84:4:84:Infinity":20,"s:84:35:84:Infinity":21,"s:86:27:86:Infinity":22,"s:87:4:87:Infinity":23,"s:89:4:102:Infinity":24,"s:91:25:91:Infinity":25,"s:94:6:94:Infinity":26,"b:97:6:99:Infinity:undefined:undefined:undefined:undefined":3,"s:97:6:99:Infinity":27,"s:98:8:98:Infinity":28,"s:101:6:101:Infinity":29,"f:105:10:105:30":5,"s:106:23:113:Infinity":30,"s:115:4:138:Infinity":31,"s:116:18:116:Infinity":32,"s:117:22:124:Infinity":33,"b:117:22:117:45:117:45:124:Infinity":4,"s:126:6:126:Infinity":34,"s:127:6:127:Infinity":35,"b:128:6:132:Infinity:130:13:132:Infinity":5,"s:128:6:132:Infinity":36,"s:129:8:129:Infinity":37,"s:131:8:131:Infinity":38,"s:134:6:134:Infinity":39,"s:135:6:135:Infinity":40,"s:137:6:137:Infinity":41,"s:140:4:140:Infinity":42,"f:143:16:143:40":6,"f:149:2:149:40":7,"s:150:4:150:Infinity":43,"f:154:2:154:23":8,"s:155:4:155:Infinity":44,"s:159:29:159:Infinity":45}}}
,"C:\\Users\\raven\\Desktop\\BudgetBuddy\\server\\utils\\logger.ts": {"path":"C:\\Users\\raven\\Desktop\\BudgetBuddy\\server\\utils\\logger.ts","statementMap":{"0":{"start":{"line":3,"column":39},"end":{"line":3,"column":null}},"1":{"start":{"line":5,"column":17},"end":{"line":11,"column":null}},"2":{"start":{"line":6,"column":12},"end":{"line":6,"column":null}},"3":{"start":{"line":7,"column":2},"end":{"line":9,"column":null}},"4":{"start":{"line":8,"column":4},"end":{"line":8,"column":null}},"5":{"start":{"line":10,"column":2},"end":{"line":10,"column":null}},"6":{"start":{"line":13,"column":13},"end":{"line":31,"column":null}}},"fnMap":{"0":{"name":"(anonymous_0)","decl":{"start":{"line":5,"column":24},"end":{"line":5,"column":25}},"loc":{"start":{"line":5,"column":72},"end":{"line":11,"column":1}},"line":5}},"branchMap":{"0":{"loc":{"start":{"line":7,"column":2},"end":{"line":9,"column":null}},"type":"if","locations":[{"start":{"line":7,"column":2},"end":{"line":9,"column":null}},{"start":{},"end":{}}],"line":7},"1":{"loc":{"start":{"line":21,"column":13},"end":{"line":21,"column":null}},"type":"cond-expr","locations":[{"start":{"line":21,"column":53},"end":{"line":21,"column":62}},{"start":{"line":21,"column":62},"end":{"line":21,"column":null}}],"line":21}},"s":{"0":1,"1":1,"2":3,"3":3,"4":3,"5":3,"6":1},"f":{"0":3},"b":{"0":[3,0],"1":[0,1]},"meta":{"lastBranch":2,"lastFunction":1,"lastStatement":7,"seen":{"s:3:39:3:Infinity":0,"s:5:17:11:Infinity":1,"f:5:24:5:25":0,"s:6:12:6:Infinity":2,"b:7:2:9:Infinity:undefined:undefined:undefined:undefined":0,"s:7:2:9:Infinity":3,"s:8:4:8:Infinity":4,"s:10:2:10:Infinity":5,"s:13:13:31:Infinity":6,"b:21:53:21:62:21:62:21:Infinity":1}}}
,"C:\\Users\\raven\\Desktop\\BudgetBuddy\\shared\\schema.ts": {"path":"C:\\Users\\raven\\Desktop\\BudgetBuddy\\shared\\schema.ts","statementMap":{"0":{"start":{"line":7,"column":13},"end":{"line":14,"column":null}},"1":{"start":{"line":17,"column":13},"end":{"line":22,"column":null}},"2":{"start":{"line":25,"column":13},"end":{"line":33,"column":null}},"3":{"start":{"line":36,"column":13},"end":{"line":44,"column":null}},"4":{"start":{"line":47,"column":13},"end":{"line":55,"column":null}},"5":{"start":{"line":58,"column":13},"end":{"line":61,"column":null}},"6":{"start":{"line":63,"column":13},"end":{"line":65,"column":null}},"7":{"start":{"line":67,"column":13},"end":{"line":69,"column":null}},"8":{"start":{"line":71,"column":13},"end":{"line":73,"column":null}},"9":{"start":{"line":75,"column":13},"end":{"line":78,"column":null}}},"fnMap":{},"branchMap":{},"s":{"0":1,"1":1,"2":1,"3":1,"4":1,"5":1,"6":1,"7":1,"8":1,"9":1},"f":{},"b":{},"meta":{"lastBranch":0,"lastFunction":0,"lastStatement":10,"seen":{"s:7:13:14:Infinity":0,"s:17:13:22:Infinity":1,"s:25:13:33:Infinity":2,"s:36:13:44:Infinity":3,"s:47:13:55:Infinity":4,"s:58:13:61:Infinity":5,"s:63:13:65:Infinity":6,"s:67:13:69:Infinity":7,"s:71:13:73:Infinity":8,"s:75:13:78:Infinity":9}}}
}
